#
# There is insufficient memory for the Java Runtime Environment to continue.
# Native memory allocation (malloc) failed to allocate 1082816 bytes for Chunk::new
# Possible reasons:
#   The system is out of physical RAM or swap space
#   The process is running with CompressedOops enabled, and the Java Heap may be blocking the growth of the native heap
# Possible solutions:
#   Reduce memory load on the system
#   Increase physical memory or swap space
#   Check if swap backing store is full
#   Decrease Java heap size (-Xmx/-Xms)
#   Decrease number of Java threads
#   Decrease Java thread stack sizes (-Xss)
#   Set larger code cache with -XX:ReservedCodeCacheSize=
#   JVM is running with Unscaled Compressed Oops mode in which the Java heap is
#     placed in the first 4GB address space. The Java Heap base address is the
#     maximum limit for the native heap growth. Please use -XX:HeapBaseMinAddress
#     to set the Java Heap base and to place the Java Heap above 4GB virtual address.
# This output file may be truncated or incomplete.
#
#  Out of Memory Error (allocation.cpp:389), pid=8732, tid=0x0000000000001778
#
# JRE version: OpenJDK Runtime Environment (8.0_242-b01) (build 1.8.0_242-release-1644-b01)
# Java VM: OpenJDK 64-Bit Server VM (25.242-b01 mixed mode windows-amd64 compressed oops)
# Failed to write core dump. Minidumps are not enabled by default on client versions of Windows
#

---------------  T H R E A D  ---------------

Current thread (0x0000000019e03000):  JavaThread "C2 CompilerThread2" daemon [_thread_in_native, id=6008, stack(0x000000001a8f0000,0x000000001a9f0000)]

Stack: [0x000000001a8f0000,0x000000001a9f0000]
[error occurred during error reporting (printing stack bounds), id 0xc0000005]

Native frames: (J=compiled Java code, j=interpreted, Vv=VM code, C=native code)


Current CompileTask:
C2:  69663 15111       4       com.android.tools.r8.graph.d0::a (69 bytes)


---------------  P R O C E S S  ---------------

Java Threads: ( => current thread )
  0x000000002cb88800 JavaThread "ForkJoinPool-2-worker-0" daemon [_thread_blocked, id=10356, stack(0x0000000033c30000,0x0000000033d30000)]
  0x000000002cb87000 JavaThread "ForkJoinPool-2-worker-7" daemon [_thread_blocked, id=2024, stack(0x000000001e740000,0x000000001e840000)]
  0x000000002cb7b800 JavaThread "ForkJoinPool-2-worker-6" daemon [_thread_blocked, id=18692, stack(0x0000000033b30000,0x0000000033c30000)]
  0x000000002cb81800 JavaThread "ForkJoinPool-2-worker-5" daemon [_thread_blocked, id=12908, stack(0x0000000033a30000,0x0000000033b30000)]
  0x000000002cb81000 JavaThread "ForkJoinPool-2-worker-4" daemon [_thread_blocked, id=1356, stack(0x00000000335d0000,0x00000000336d0000)]
  0x000000002cb7d000 JavaThread "ForkJoinPool-2-worker-3" daemon [_thread_blocked, id=16472, stack(0x00000000334d0000,0x00000000335d0000)]
  0x000000002cb82800 JavaThread "ForkJoinPool-2-worker-2" daemon [_thread_blocked, id=17648, stack(0x0000000032fb0000,0x00000000330b0000)]
  0x000000002cb7a000 JavaThread "ForkJoinPool-2-worker-1" daemon [_thread_blocked, id=6428, stack(0x0000000030540000,0x0000000030640000)]
  0x000000002cb79800 JavaThread "ForkJoinPool.commonPool-worker-4" daemon [_thread_blocked, id=4980, stack(0x0000000032db0000,0x0000000032eb0000)]
  0x000000002cb80000 JavaThread "ForkJoinPool.commonPool-worker-3" daemon [_thread_blocked, id=12864, stack(0x0000000032cb0000,0x0000000032db0000)]
  0x000000002cb7c800 JavaThread "ForkJoinPool.commonPool-worker-2" daemon [_thread_blocked, id=7620, stack(0x0000000032bb0000,0x0000000032cb0000)]
  0x000000002cb78000 JavaThread "ForkJoinPool.commonPool-worker-1" daemon [_thread_blocked, id=868, stack(0x0000000032ab0000,0x0000000032bb0000)]
  0x000000002cb78800 JavaThread "Cache worker for Java compile cache (C:\Users\trist\Desktop\Ynov\Dev Mobile\Mousvies_git\Mouvies\.gradle\6.5\javaCompile)" [_thread_blocked, id=11676, stack(0x00000000321f0000,0x00000000322f0000)]
  0x000000002cb7b000 JavaThread "Cache worker for Java compile cache (C:\Users\trist\.gradle\caches\6.5\javaCompile)" [_thread_blocked, id=19196, stack(0x00000000320f0000,0x00000000321f0000)]
  0x000000002cb7e800 JavaThread "RMI TCP Connection(1)-127.0.0.1" daemon [_thread_in_native, id=3352, stack(0x0000000031ff0000,0x00000000320f0000)]
  0x000000002cb7e000 JavaThread "RMI Reaper" [_thread_blocked, id=12260, stack(0x0000000031ef0000,0x0000000031ff0000)]
  0x000000001f2b7000 JavaThread "RMI TCP Accept-0" daemon [_thread_in_native, id=3892, stack(0x0000000031df0000,0x0000000031ef0000)]
  0x000000001f2ab000 JavaThread "GC Daemon" daemon [_thread_blocked, id=13180, stack(0x0000000031cf0000,0x0000000031df0000)]
  0x000000002174b800 JavaThread "RMI Scheduler(0)" daemon [_thread_blocked, id=9912, stack(0x000000002fbe0000,0x000000002fce0000)]
  0x0000000021750800 JavaThread "stdout" [_thread_in_native, id=5992, stack(0x00000000313f0000,0x00000000314f0000)]
  0x0000000021751800 JavaThread "stderr" [_thread_in_native, id=12712, stack(0x00000000312f0000,0x00000000313f0000)]
  0x000000002174c000 JavaThread "stdout" [_thread_in_native, id=13728, stack(0x00000000311f0000,0x00000000312f0000)]
  0x0000000021750000 JavaThread "stderr" [_thread_in_native, id=19000, stack(0x00000000310f0000,0x00000000311f0000)]
  0x000000002174f000 JavaThread "stdout" [_thread_in_native, id=7332, stack(0x0000000030ff0000,0x00000000310f0000)]
  0x000000002174e800 JavaThread "stderr" [_thread_in_native, id=2972, stack(0x0000000030ef0000,0x0000000030ff0000)]
  0x0000000021743000 JavaThread "stdout" [_thread_in_native, id=18380, stack(0x0000000030df0000,0x0000000030ef0000)]
  0x000000002174a000 JavaThread "stderr" [_thread_in_native, id=18280, stack(0x0000000030cf0000,0x0000000030df0000)]
  0x0000000021742000 JavaThread "stdout" [_thread_in_native, id=17384, stack(0x0000000030bf0000,0x0000000030cf0000)]
  0x0000000021748000 JavaThread "stderr" [_thread_in_native, id=2164, stack(0x0000000030af0000,0x0000000030bf0000)]
  0x0000000021749000 JavaThread "stdout" [_thread_in_native, id=4584, stack(0x00000000309f0000,0x0000000030af0000)]
  0x0000000021746800 JavaThread "stderr" [_thread_in_native, id=18648, stack(0x00000000308f0000,0x00000000309f0000)]
  0x0000000021746000 JavaThread "stdout" [_thread_in_native, id=388, stack(0x00000000307f0000,0x00000000308f0000)]
  0x0000000021744800 JavaThread "stderr" [_thread_in_native, id=11772, stack(0x00000000306f0000,0x00000000307f0000)]
  0x0000000021747800 JavaThread "pool-2-thread-1" [_thread_blocked, id=17772, stack(0x0000000030440000,0x0000000030540000)]
  0x0000000021745000 JavaThread "WorkerExecutor Queue Thread 8" [_thread_blocked, id=11380, stack(0x0000000030340000,0x0000000030440000)]
  0x0000000021743800 JavaThread "WorkerExecutor Queue Thread 7" [_thread_in_Java, id=1488, stack(0x0000000030240000,0x0000000030340000)]
  0x000000001f2b8800 JavaThread "WorkerExecutor Queue Thread 6" [_thread_blocked, id=13716, stack(0x0000000030140000,0x0000000030240000)]
  0x000000001f2b8000 JavaThread "WorkerExecutor Queue Thread 5" [_thread_blocked, id=4468, stack(0x0000000030040000,0x0000000030140000)]
  0x000000001f2b5000 JavaThread "WorkerExecutor Queue Thread 4" [_thread_in_Java, id=7032, stack(0x000000002ff40000,0x0000000030040000)]
  0x000000001f2b4000 JavaThread "WorkerExecutor Queue Thread 3" [_thread_blocked, id=17976, stack(0x000000002fae0000,0x000000002fbe0000)]
  0x000000001f2b2800 JavaThread "WorkerExecutor Queue Thread 2" [_thread_blocked, id=12188, stack(0x000000002f9e0000,0x000000002fae0000)]
  0x000000001f2b3800 JavaThread "WorkerExecutor Queue" [_thread_blocked, id=12052, stack(0x000000002f8e0000,0x000000002f9e0000)]
  0x000000001f2ae000 JavaThread "Cache worker for execution history cache (C:\Users\trist\Desktop\Ynov\Dev Mobile\Mousvies_git\Mouvies\.gradle\6.5\executionHistory)" [_thread_blocked, id=3496, stack(0x000000002f3e0000,0x000000002f4e0000)]
  0x000000001f2ad800 JavaThread "Execution worker for ':' Thread 7" [_thread_blocked, id=7436, stack(0x000000002f2e0000,0x000000002f3e0000)]
  0x000000001f2aa800 JavaThread "Execution worker for ':' Thread 6" [_thread_blocked, id=8568, stack(0x000000002f1e0000,0x000000002f2e0000)]
  0x000000001f2af000 JavaThread "Execution worker for ':' Thread 5" [_thread_blocked, id=4056, stack(0x000000002f0e0000,0x000000002f1e0000)]
  0x000000001f2b1000 JavaThread "Execution worker for ':' Thread 4" [_thread_blocked, id=18936, stack(0x000000002efe0000,0x000000002f0e0000)]
  0x000000001f2ac000 JavaThread "Execution worker for ':' Thread 3" [_thread_blocked, id=7668, stack(0x000000002eee0000,0x000000002efe0000)]
  0x000000001f2ac800 JavaThread "Execution worker for ':' Thread 2" [_thread_blocked, id=12308, stack(0x000000002ede0000,0x000000002eee0000)]
  0x000000001f2b0800 JavaThread "Execution worker for ':'" [_thread_blocked, id=7492, stack(0x000000002d6a0000,0x000000002d7a0000)]
  0x000000001f2af800 JavaThread "Cache worker for file content cache (C:\Users\trist\Desktop\Ynov\Dev Mobile\Mousvies_git\Mouvies\.gradle\6.5\fileContent)" [_thread_blocked, id=12044, stack(0x000000002d5a0000,0x000000002d6a0000)]
  0x000000001c2a2000 JavaThread "Memory manager" [_thread_blocked, id=13696, stack(0x000000002ba80000,0x000000002bb80000)]
  0x000000001c2a1800 JavaThread "Cache worker for Build Output Cleanup Cache (C:\Users\trist\Desktop\Ynov\Dev Mobile\Mousvies_git\Mouvies\.gradle\buildOutputCleanup)" [_thread_blocked, id=10392, stack(0x000000002b380000,0x000000002b480000)]
  0x000000001c2a0800 JavaThread "jar transforms Thread 113" [_thread_blocked, id=2784, stack(0x000000002b080000,0x000000002b180000)]
  0x000000001c2a0000 JavaThread "jar transforms Thread 112" [_thread_blocked, id=4272, stack(0x000000002af80000,0x000000002b080000)]
  0x000000001c29e800 JavaThread "jar transforms Thread 111" [_thread_blocked, id=11484, stack(0x000000002ae80000,0x000000002af80000)]
  0x000000001c2a3800 JavaThread "jar transforms Thread 110" [_thread_blocked, id=16740, stack(0x000000002ad80000,0x000000002ae80000)]
  0x000000001c2a5000 JavaThread "jar transforms Thread 109" [_thread_blocked, id=3156, stack(0x000000002ac80000,0x000000002ad80000)]
  0x000000001c2a3000 JavaThread "jar transforms Thread 108" [_thread_blocked, id=14580, stack(0x000000002ab80000,0x000000002ac80000)]
  0x000000001c2a4800 JavaThread "jar transforms Thread 107" [_thread_blocked, id=3800, stack(0x000000002aa80000,0x000000002ab80000)]
  0x000000001c29f000 JavaThread "jar transforms Thread 106" [_thread_blocked, id=6716, stack(0x000000002a980000,0x000000002aa80000)]
  0x000000001c297000 JavaThread "jar transforms Thread 105" [_thread_blocked, id=7292, stack(0x000000002a880000,0x000000002a980000)]
  0x000000001c29d000 JavaThread "jar transforms Thread 104" [_thread_blocked, id=12980, stack(0x000000002a780000,0x000000002a880000)]
  0x000000001c29a000 JavaThread "jar transforms Thread 103" [_thread_blocked, id=1072, stack(0x000000002a680000,0x000000002a780000)]
  0x000000001c29d800 JavaThread "jar transforms Thread 102" [_thread_blocked, id=11620, stack(0x000000002a480000,0x000000002a580000)]
  0x000000001c299000 JavaThread "jar transforms Thread 101" [_thread_blocked, id=5880, stack(0x000000002a380000,0x000000002a480000)]
  0x000000001c29c000 JavaThread "jar transforms Thread 100" [_thread_blocked, id=10248, stack(0x000000002a280000,0x000000002a380000)]
  0x000000001c298800 JavaThread "jar transforms Thread 99" [_thread_blocked, id=17184, stack(0x000000002a180000,0x000000002a280000)]
  0x000000001c29b800 JavaThread "jar transforms Thread 98" [_thread_blocked, id=12872, stack(0x000000002a080000,0x000000002a180000)]
  0x000000001c29a800 JavaThread "jar transforms Thread 97" [_thread_blocked, id=15604, stack(0x0000000029f80000,0x000000002a080000)]
  0x000000001c296000 JavaThread "jar transforms Thread 96" [_thread_blocked, id=1260, stack(0x0000000029e80000,0x0000000029f80000)]
  0x000000001c297800 JavaThread "jar transforms Thread 95" [_thread_blocked, id=16772, stack(0x0000000029d80000,0x0000000029e80000)]
  0x000000001b802000 JavaThread "jar transforms Thread 94" [_thread_blocked, id=17600, stack(0x0000000029c80000,0x0000000029d80000)]
  0x000000001b801000 JavaThread "jar transforms Thread 93" [_thread_blocked, id=12668, stack(0x0000000029b80000,0x0000000029c80000)]
  0x000000001b808000 JavaThread "jar transforms Thread 92" [_thread_blocked, id=13416, stack(0x0000000029a80000,0x0000000029b80000)]
  0x000000001b800800 JavaThread "jar transforms Thread 91" [_thread_blocked, id=13080, stack(0x0000000029980000,0x0000000029a80000)]
  0x000000001b806800 JavaThread "jar transforms Thread 90" [_thread_blocked, id=12772, stack(0x0000000029880000,0x0000000029980000)]
  0x000000001b805800 JavaThread "jar transforms Thread 89" [_thread_blocked, id=10496, stack(0x0000000029780000,0x0000000029880000)]
  0x000000001b805000 JavaThread "jar transforms Thread 88" [_thread_blocked, id=14424, stack(0x0000000029680000,0x0000000029780000)]
  0x000000001b802800 JavaThread "jar transforms Thread 87" [_thread_blocked, id=15476, stack(0x0000000029580000,0x0000000029680000)]
  0x000000001b803800 JavaThread "jar transforms Thread 86" [_thread_blocked, id=7040, stack(0x0000000029480000,0x0000000029580000)]
  0x000000001b804000 JavaThread "jar transforms Thread 85" [_thread_blocked, id=5484, stack(0x0000000029380000,0x0000000029480000)]
  0x000000001b807000 JavaThread "jar transforms Thread 84" [_thread_blocked, id=16820, stack(0x0000000029280000,0x0000000029380000)]
  0x000000001b7fb000 JavaThread "jar transforms Thread 83" [_thread_blocked, id=10400, stack(0x0000000029180000,0x0000000029280000)]
  0x000000001b7fc000 JavaThread "jar transforms Thread 82" [_thread_blocked, id=4500, stack(0x0000000029080000,0x0000000029180000)]
  0x000000001b7ff000 JavaThread "jar transforms Thread 81" [_thread_blocked, id=17504, stack(0x0000000028f80000,0x0000000029080000)]
  0x000000001b7f9800 JavaThread "jar transforms Thread 80" [_thread_blocked, id=15472, stack(0x0000000028e80000,0x0000000028f80000)]
  0x000000001b7fd800 JavaThread "jar transforms Thread 79" [_thread_blocked, id=11564, stack(0x0000000028d80000,0x0000000028e80000)]
  0x000000001b7fe000 JavaThread "jar transforms Thread 78" [_thread_blocked, id=6700, stack(0x0000000028c80000,0x0000000028d80000)]
  0x000000001b7fc800 JavaThread "jar transforms Thread 77" [_thread_blocked, id=1512, stack(0x0000000028b80000,0x0000000028c80000)]
  0x000000001b7ff800 JavaThread "jar transforms Thread 76" [_thread_blocked, id=9292, stack(0x0000000028a80000,0x0000000028b80000)]
  0x000000001b7fa800 JavaThread "jar transforms Thread 75" [_thread_blocked, id=6744, stack(0x0000000028980000,0x0000000028a80000)]
  0x000000001b7f9000 JavaThread "jar transforms Thread 74" [_thread_blocked, id=19084, stack(0x0000000028880000,0x0000000028980000)]
  0x000000001bdc4000 JavaThread "jar transforms Thread 73" [_thread_blocked, id=17064, stack(0x0000000028780000,0x0000000028880000)]
  0x000000001bdc3000 JavaThread "jar transforms Thread 72" [_thread_blocked, id=8308, stack(0x0000000028680000,0x0000000028780000)]
  0x000000001bdc2800 JavaThread "jar transforms Thread 71" [_thread_blocked, id=17264, stack(0x0000000028580000,0x0000000028680000)]
  0x000000001bdc0800 JavaThread "jar transforms Thread 70" [_thread_blocked, id=10984, stack(0x0000000028480000,0x0000000028580000)]
  0x000000001bdc4800 JavaThread "jar transforms Thread 69" [_thread_blocked, id=896, stack(0x0000000028380000,0x0000000028480000)]
  0x000000001bdc1800 JavaThread "jar transforms Thread 68" [_thread_blocked, id=3084, stack(0x0000000028280000,0x0000000028380000)]
  0x000000001bdb9000 JavaThread "jar transforms Thread 67" [_thread_blocked, id=12348, stack(0x0000000028180000,0x0000000028280000)]
  0x000000001bdbf000 JavaThread "jar transforms Thread 66" [_thread_blocked, id=16768, stack(0x0000000028080000,0x0000000028180000)]
  0x000000001bdc0000 JavaThread "jar transforms Thread 65" [_thread_blocked, id=2448, stack(0x0000000027f80000,0x0000000028080000)]
  0x000000001bdb7800 JavaThread "jar transforms Thread 64" [_thread_blocked, id=10284, stack(0x0000000027e80000,0x0000000027f80000)]
  0x000000001bdbe800 JavaThread "jar transforms Thread 63" [_thread_blocked, id=1464, stack(0x0000000027d80000,0x0000000027e80000)]
  0x000000001bdb7000 JavaThread "jar transforms Thread 62" [_thread_blocked, id=11120, stack(0x0000000027c80000,0x0000000027d80000)]
  0x000000001bdbd800 JavaThread "jar transforms Thread 61" [_thread_blocked, id=4708, stack(0x0000000027b80000,0x0000000027c80000)]
  0x000000001bdbd000 JavaThread "jar transforms Thread 60" [_thread_blocked, id=18644, stack(0x0000000027a80000,0x0000000027b80000)]
  0x000000001bdba800 JavaThread "jar transforms Thread 59" [_thread_blocked, id=4684, stack(0x0000000027980000,0x0000000027a80000)]
  0x000000001bdba000 JavaThread "jar transforms Thread 58" [_thread_blocked, id=5412, stack(0x0000000027880000,0x0000000027980000)]
  0x000000001bdb5800 JavaThread "jar transforms Thread 57" [_thread_blocked, id=11188, stack(0x0000000027780000,0x0000000027880000)]
  0x000000001bdbb800 JavaThread "jar transforms Thread 56" [_thread_blocked, id=2144, stack(0x0000000027680000,0x0000000027780000)]
  0x000000001bdbc000 JavaThread "jar transforms Thread 55" [_thread_blocked, id=13332, stack(0x0000000027580000,0x0000000027680000)]
  0x000000001bdb6000 JavaThread "jar transforms Thread 54" [_thread_blocked, id=11812, stack(0x0000000027480000,0x0000000027580000)]
  0x000000001bdb8800 JavaThread "jar transforms Thread 53" [_thread_blocked, id=2136, stack(0x0000000027380000,0x0000000027480000)]
  0x00000000229c7800 JavaThread "jar transforms Thread 52" [_thread_blocked, id=7764, stack(0x0000000027280000,0x0000000027380000)]
  0x00000000229c7000 JavaThread "jar transforms Thread 51" [_thread_blocked, id=1372, stack(0x0000000027180000,0x0000000027280000)]
  0x00000000229c5800 JavaThread "jar transforms Thread 50" [_thread_blocked, id=1556, stack(0x0000000027080000,0x0000000027180000)]
  0x00000000229cb800 JavaThread "jar transforms Thread 49" [_thread_blocked, id=18752, stack(0x0000000026f80000,0x0000000027080000)]
  0x00000000229c4000 JavaThread "jar transforms Thread 48" [_thread_blocked, id=3444, stack(0x0000000026e80000,0x0000000026f80000)]
  0x00000000229ca800 JavaThread "jar transforms Thread 47" [_thread_blocked, id=17500, stack(0x0000000026d80000,0x0000000026e80000)]
  0x00000000229c9000 JavaThread "jar transforms Thread 46" [_thread_blocked, id=11788, stack(0x0000000026c80000,0x0000000026d80000)]
  0x00000000229ca000 JavaThread "jar transforms Thread 45" [_thread_blocked, id=5164, stack(0x0000000026b80000,0x0000000026c80000)]
  0x00000000229c6000 JavaThread "jar transforms Thread 44" [_thread_blocked, id=6268, stack(0x0000000026a80000,0x0000000026b80000)]
  0x00000000229c4800 JavaThread "jar transforms Thread 43" [_thread_blocked, id=4616, stack(0x0000000026980000,0x0000000026a80000)]
  0x00000000229c8800 JavaThread "jar transforms Thread 42" [_thread_blocked, id=11952, stack(0x0000000026880000,0x0000000026980000)]
  0x00000000229bc000 JavaThread "jar transforms Thread 41" [_thread_blocked, id=16964, stack(0x0000000026780000,0x0000000026880000)]
  0x00000000229bd800 JavaThread "jar transforms Thread 40" [_thread_blocked, id=9404, stack(0x0000000026680000,0x0000000026780000)]
  0x00000000229c3000 JavaThread "jar transforms Thread 39" [_thread_blocked, id=19400, stack(0x0000000026580000,0x0000000026680000)]
  0x00000000229c0800 JavaThread "jar transforms Thread 38" [_thread_blocked, id=476, stack(0x0000000026480000,0x0000000026580000)]
  0x00000000229c2800 JavaThread "jar transforms Thread 37" [_thread_blocked, id=6232, stack(0x0000000026380000,0x0000000026480000)]
  0x00000000229c1800 JavaThread "jar transforms Thread 36" [_thread_blocked, id=2732, stack(0x0000000026280000,0x0000000026380000)]
  0x00000000229c0000 JavaThread "jar transforms Thread 35" [_thread_blocked, id=3796, stack(0x0000000026180000,0x0000000026280000)]
  0x00000000229be800 JavaThread "jar transforms Thread 34" [_thread_blocked, id=19232, stack(0x0000000026080000,0x0000000026180000)]
  0x00000000229bd000 JavaThread "jar transforms Thread 33" [_thread_blocked, id=16048, stack(0x0000000025f80000,0x0000000026080000)]
  0x00000000229bf000 JavaThread "jar transforms Thread 32" [_thread_blocked, id=1536, stack(0x0000000025e80000,0x0000000025f80000)]
  0x000000001d110800 JavaThread "jar transforms Thread 31" [_thread_blocked, id=11208, stack(0x0000000025d80000,0x0000000025e80000)]
  0x000000001d110000 JavaThread "jar transforms Thread 30" [_thread_blocked, id=13204, stack(0x0000000025c80000,0x0000000025d80000)]
  0x000000001d111800 JavaThread "jar transforms Thread 29" [_thread_blocked, id=10884, stack(0x0000000025b80000,0x0000000025c80000)]
  0x000000001d10f000 JavaThread "jar transforms Thread 28" [_thread_blocked, id=3384, stack(0x0000000025a80000,0x0000000025b80000)]
  0x000000001d107800 JavaThread "jar transforms Thread 27" [_thread_blocked, id=396, stack(0x0000000025980000,0x0000000025a80000)]
  0x000000001d10e800 JavaThread "jar transforms Thread 26" [_thread_blocked, id=6396, stack(0x0000000025880000,0x0000000025980000)]
  0x000000001d10d000 JavaThread "jar transforms Thread 25" [_thread_blocked, id=4796, stack(0x0000000025780000,0x0000000025880000)]
  0x000000001d10c000 JavaThread "jar transforms Thread 24" [_thread_blocked, id=16660, stack(0x0000000025680000,0x0000000025780000)]
  0x000000001d10b800 JavaThread "jar transforms Thread 23" [_thread_blocked, id=7560, stack(0x0000000025580000,0x0000000025680000)]
  0x000000001d10a000 JavaThread "jar transforms Thread 22" [_thread_blocked, id=8788, stack(0x0000000025480000,0x0000000025580000)]
  0x000000001d107000 JavaThread "jar transforms Thread 21" [_thread_blocked, id=17900, stack(0x0000000025380000,0x0000000025480000)]
  0x000000001d108800 JavaThread "jar transforms Thread 20" [_thread_blocked, id=17188, stack(0x0000000025280000,0x0000000025380000)]
  0x000000001d10a800 JavaThread "jar transforms Thread 19" [_thread_blocked, id=14168, stack(0x0000000025180000,0x0000000025280000)]
  0x000000001d10d800 JavaThread "jar transforms Thread 18" [_thread_blocked, id=1968, stack(0x0000000025080000,0x0000000025180000)]
  0x000000001d103000 JavaThread "jar transforms Thread 17" [_thread_blocked, id=10372, stack(0x0000000024f80000,0x0000000025080000)]
  0x000000001d106000 JavaThread "jar transforms Thread 16" [_thread_blocked, id=10360, stack(0x0000000024e80000,0x0000000024f80000)]
  0x000000001d109000 JavaThread "jar transforms Thread 15" [_thread_blocked, id=13880, stack(0x0000000024d80000,0x0000000024e80000)]
  0x000000001d104800 JavaThread "jar transforms Thread 14" [_thread_blocked, id=11092, stack(0x0000000024c80000,0x0000000024d80000)]
  0x000000001d102800 JavaThread "jar transforms Thread 13" [_thread_blocked, id=7812, stack(0x0000000024b80000,0x0000000024c80000)]
  0x000000001d104000 JavaThread "jar transforms Thread 12" [_thread_blocked, id=13868, stack(0x0000000024a80000,0x0000000024b80000)]
  0x000000001d105800 JavaThread "jar transforms Thread 11" [_thread_blocked, id=4240, stack(0x0000000024980000,0x0000000024a80000)]
  0x000000001a0be000 JavaThread "jar transforms Thread 10" [_thread_blocked, id=9412, stack(0x0000000024880000,0x0000000024980000)]
  0x000000001a0bc000 JavaThread "jar transforms Thread 9" [_thread_blocked, id=15856, stack(0x0000000024780000,0x0000000024880000)]
  0x000000001a0c2800 JavaThread "jar transforms Thread 8" [_thread_blocked, id=11096, stack(0x0000000024680000,0x0000000024780000)]
  0x000000001a0c1000 JavaThread "jar transforms Thread 7" [_thread_blocked, id=4940, stack(0x0000000024580000,0x0000000024680000)]
  0x000000001a0bf800 JavaThread "jar transforms Thread 6" [_thread_blocked, id=4624, stack(0x0000000024480000,0x0000000024580000)]
  0x000000001a0c0800 JavaThread "jar transforms Thread 5" [_thread_blocked, id=15992, stack(0x0000000024380000,0x0000000024480000)]
  0x000000001a0c2000 JavaThread "jar transforms Thread 4" [_thread_blocked, id=17896, stack(0x0000000024280000,0x0000000024380000)]
  0x000000001a0bb000 JavaThread "jar transforms Thread 3" [_thread_blocked, id=3664, stack(0x0000000024180000,0x0000000024280000)]
  0x000000001a0bd800 JavaThread "jar transforms Thread 2" [_thread_blocked, id=19204, stack(0x0000000024080000,0x0000000024180000)]
  0x000000001a0bf000 JavaThread "Build operations Thread 8" [_thread_blocked, id=15984, stack(0x0000000023e80000,0x0000000023f80000)]
  0x000000001a0bc800 JavaThread "Build operations Thread 7" [_thread_blocked, id=13928, stack(0x0000000023d80000,0x0000000023e80000)]
  0x000000001a0b3800 JavaThread "Build operations Thread 6" [_thread_blocked, id=18020, stack(0x0000000023c80000,0x0000000023d80000)]
  0x000000001a0ba800 JavaThread "Build operations Thread 5" [_thread_blocked, id=12788, stack(0x0000000023b80000,0x0000000023c80000)]
  0x000000001a0b8000 JavaThread "Build operations Thread 4" [_thread_blocked, id=472, stack(0x0000000023a80000,0x0000000023b80000)]
  0x000000001a0b9800 JavaThread "Build operations Thread 3" [_thread_blocked, id=2692, stack(0x0000000023980000,0x0000000023a80000)]
  0x000000001a0b7800 JavaThread "Build operations Thread 2" [_thread_blocked, id=10476, stack(0x0000000023880000,0x0000000023980000)]
  0x000000001a0b6000 JavaThread "Build operations" [_thread_blocked, id=12076, stack(0x0000000021f70000,0x0000000022070000)]
  0x000000001b4b9000 JavaThread "Cache worker for file content cache (C:\Users\trist\.gradle\caches\6.5\fileContent)" [_thread_blocked, id=16920, stack(0x0000000021e70000,0x0000000021f70000)]
  0x000000001b4bd800 JavaThread "jar transforms" [_thread_blocked, id=8984, stack(0x0000000021d70000,0x0000000021e70000)]
  0x000000001b4b8800 JavaThread "Cache worker for execution history cache (C:\Users\trist\.gradle\caches\6.5\executionHistory)" [_thread_blocked, id=13160, stack(0x00000000208a0000,0x00000000209a0000)]
  0x000000001b4bd000 JavaThread "Cache worker for cache directory md-rule (C:\Users\trist\.gradle\caches\6.5\md-rule)" [_thread_blocked, id=1504, stack(0x00000000207a0000,0x00000000208a0000)]
  0x000000001b4bc000 JavaThread "Cache worker for cache directory md-supplier (C:\Users\trist\.gradle\caches\6.5\md-supplier)" [_thread_blocked, id=1620, stack(0x00000000206a0000,0x00000000207a0000)]
  0x000000001b4ba800 JavaThread "Cache worker for checksums cache (C:\Users\trist\Desktop\Ynov\Dev Mobile\Mousvies_git\Mouvies\.gradle\checksums)" [_thread_blocked, id=5696, stack(0x00000000205a0000,0x00000000206a0000)]
  0x000000001b4be800 JavaThread "Cache worker for file hash cache (C:\Users\trist\Desktop\Ynov\Dev Mobile\Mousvies_git\Mouvies\.gradle\6.5\fileHashes)" [_thread_blocked, id=8756, stack(0x00000000202a0000,0x00000000203a0000)]
  0x000000001b4ba000 JavaThread "Cache worker for file hash cache (C:\Users\trist\.gradle\caches\6.5\fileHashes)" [_thread_blocked, id=1940, stack(0x00000000201a0000,0x00000000202a0000)]
  0x000000001b4bb800 JavaThread "File lock request listener" [_thread_in_native, id=18724, stack(0x000000001ec40000,0x000000001ed40000)]
  0x000000001c88e800 JavaThread "Cache worker for journal cache (C:\Users\trist\.gradle\caches\journal-1)" [_thread_blocked, id=5564, stack(0x000000001eb40000,0x000000001ec40000)]
  0x000000001a051800 JavaThread "Thread-9" [_thread_blocked, id=8356, stack(0x000000001e840000,0x000000001e940000)]
  0x000000001b3de800 JavaThread "Asynchronous log dispatcher for DefaultDaemonConnection: socket connection from /127.0.0.1:54481 to /127.0.0.1:54482" [_thread_blocked, id=12248, stack(0x000000001e640000,0x000000001e740000)]
  0x000000001b3de000 JavaThread "Daemon worker" [_thread_blocked, id=6132, stack(0x000000001e540000,0x000000001e640000)]
  0x000000001b64c800 JavaThread "Cancel handler" [_thread_blocked, id=1832, stack(0x000000001e440000,0x000000001e540000)]
  0x000000001b34b000 JavaThread "Handler for socket connection from /127.0.0.1:54481 to /127.0.0.1:54482" [_thread_in_native, id=3260, stack(0x000000001e340000,0x000000001e440000)]
  0x000000001c11a000 JavaThread "Daemon" [_thread_blocked, id=11604, stack(0x000000001e240000,0x000000001e340000)]
  0x000000001c118800 JavaThread "Daemon periodic checks" [_thread_blocked, id=7536, stack(0x000000001df40000,0x000000001e040000)]
  0x000000001c86a800 JavaThread "Incoming local TCP Connector on port 54481" [_thread_in_native, id=12200, stack(0x000000001dcd0000,0x000000001ddd0000)]
  0x000000001c4b6000 JavaThread "Daemon health stats" [_thread_blocked, id=12868, stack(0x000000001d690000,0x000000001d790000)]
  0x0000000019e44000 JavaThread "Service Thread" daemon [_thread_blocked, id=14044, stack(0x000000001aaf0000,0x000000001abf0000)]
  0x0000000019e0b000 JavaThread "C1 CompilerThread3" daemon [_thread_blocked, id=18204, stack(0x000000001a9f0000,0x000000001aaf0000)]
=>0x0000000019e03000 JavaThread "C2 CompilerThread2" daemon [_thread_in_native, id=6008, stack(0x000000001a8f0000,0x000000001a9f0000)]
  0x0000000017fdc000 JavaThread "C2 CompilerThread1" daemon [_thread_in_native, id=18744, stack(0x000000001a7f0000,0x000000001a8f0000)]
  0x0000000019df2000 JavaThread "C2 CompilerThread0" daemon [_thread_in_native, id=14164, stack(0x000000001a6f0000,0x000000001a7f0000)]
  0x0000000019df0800 JavaThread "Attach Listener" daemon [_thread_blocked, id=5796, stack(0x000000001a5f0000,0x000000001a6f0000)]
  0x0000000019df6800 JavaThread "Signal Dispatcher" daemon [_thread_blocked, id=10044, stack(0x000000001a4f0000,0x000000001a5f0000)]
  0x0000000019de0800 JavaThread "Finalizer" daemon [_thread_blocked, id=2096, stack(0x000000001a2c0000,0x000000001a3c0000)]
  0x0000000017fcb800 JavaThread "Reference Handler" daemon [_thread_blocked, id=12212, stack(0x000000001a1c0000,0x000000001a2c0000)]
  0x0000000002f5e000 JavaThread "main" [_thread_blocked, id=12632, stack(0x0000000002b80000,0x0000000002c80000)]

Other Threads:
  0x0000000017fc6000 VMThread [stack: 0x0000000019cc0000,0x0000000019dc0000] [id=13540]
  0x0000000019e45000 WatcherThread [stack: 0x000000001abf0000,0x000000001acf0000] [id=19248]

VM state:not at safepoint (normal execution)

VM Mutex/Monitor currently owned by a thread: None

heap address: 0x0000000080000000, size: 2048 MB, Compressed Oops mode: 32-bit
Narrow klass base: 0x0000000000000000, Narrow klass shift: 3
Compressed class space size: 1073741824 Address: 0x0000000100000000

Heap:
 PSYoungGen      total 252416K, used 65008K [0x00000000d5580000, 0x00000000e9f00000, 0x0000000100000000)
  eden space 196096K, 11% used [0x00000000d5580000,0x00000000d6af6b50,0x00000000e1500000)
  from space 56320K, 76% used [0x00000000e1500000,0x00000000e3f05600,0x00000000e4c00000)
  to   space 37376K, 0% used [0x00000000e4c00000,0x00000000e4c00000,0x00000000e7080000)
 ParOldGen       total 245248K, used 115163K [0x0000000080000000, 0x000000008ef80000, 0x00000000d5580000)
  object space 245248K, 46% used [0x0000000080000000,0x0000000087076e08,0x000000008ef80000)
 Metaspace       used 93230K, capacity 97808K, committed 98008K, reserved 1134592K
  class space    used 12648K, capacity 13498K, committed 13568K, reserved 1048576K

Card table byte_map: [0x0000000012320000,0x0000000012730000] byte_map_base: 0x0000000011f20000

Marking Bits: (ParMarkBitMap*) 0x000000005abbf030
 Begin Bits: [0x00000000131e0000, 0x00000000151e0000)
 End Bits:   [0x00000000151e0000, 0x00000000171e0000)

Polling page: 0x0000000002c80000

CodeCache: size=245760Kb used=39073Kb max_used=39073Kb free=206686Kb
 bounds [0x0000000002f60000, 0x00000000055c0000, 0x0000000011f60000]
 total_blobs=13334 nmethods=12436 adapters=810
 compilation: enabled

Compilation events (10 events):
Event: 69.638 Thread 0x0000000019e0b000 15194       1       com.android.tools.r8.code.f2::a (1 bytes)
Event: 69.638 Thread 0x0000000019e0b000 nmethod 15194 0x00000000055b7310 code [0x00000000055b7460, 0x00000000055b7570]
Event: 69.645 Thread 0x0000000019e0b000 15195       3       com.android.tools.r8.code.K3::a (1 bytes)
Event: 69.645 Thread 0x0000000019e0b000 nmethod 15195 0x00000000055b75d0 code [0x00000000055b7720, 0x00000000055b7870]
Event: 69.650 Thread 0x0000000019e0b000 15196       3       com.android.tools.r8.code.l2::a (1 bytes)
Event: 69.650 Thread 0x0000000019e0b000 nmethod 15196 0x00000000055b7910 code [0x00000000055b7a60, 0x00000000055b7bb0]
Event: 69.651 Thread 0x0000000019e0b000 15197       3       com.android.tools.r8.graph.G$b$a::collectIndexedItems (42 bytes)
Event: 69.651 Thread 0x0000000019e0b000 nmethod 15197 0x00000000055b7c50 code [0x00000000055b7de0, 0x00000000055b8308]
Event: 69.656 Thread 0x0000000019e0b000 15198       3       com.android.tools.r8.code.r2::a (1 bytes)
Event: 69.656 Thread 0x0000000019e0b000 nmethod 15198 0x00000000055b8490 code [0x00000000055b85e0, 0x00000000055b8730]

GC Heap History (10 events):
Event: 47.468 GC heap before
{Heap before GC invocations=21 (full 3):
 PSYoungGen      total 199680K, used 184971K [0x00000000d5580000, 0x00000000e4700000, 0x0000000100000000)
  eden space 172544K, 100% used [0x00000000d5580000,0x00000000dfe00000,0x00000000dfe00000)
  from space 27136K, 45% used [0x00000000dfe00000,0x00000000e0a22fc8,0x00000000e1880000)
  to   space 26112K, 0% used [0x00000000e2d80000,0x00000000e2d80000,0x00000000e4700000)
 ParOldGen       total 118272K, used 68840K [0x0000000080000000, 0x0000000087380000, 0x00000000d5580000)
  object space 118272K, 58% used [0x0000000080000000,0x000000008433a0c8,0x0000000087380000)
 Metaspace       used 74560K, capacity 78054K, committed 78296K, reserved 1116160K
  class space    used 10026K, capacity 10658K, committed 10752K, reserved 1048576K
Event: 47.505 GC heap after
Heap after GC invocations=21 (full 3):
 PSYoungGen      total 219648K, used 19551K [0x00000000d5580000, 0x00000000e4880000, 0x0000000100000000)
  eden space 193536K, 0% used [0x00000000d5580000,0x00000000d5580000,0x00000000e1280000)
  from space 26112K, 74% used [0x00000000e2d80000,0x00000000e4097f68,0x00000000e4700000)
  to   space 27648K, 0% used [0x00000000e1280000,0x00000000e1280000,0x00000000e2d80000)
 ParOldGen       total 118272K, used 68848K [0x0000000080000000, 0x0000000087380000, 0x00000000d5580000)
  object space 118272K, 58% used [0x0000000080000000,0x000000008433c0c8,0x0000000087380000)
 Metaspace       used 74560K, capacity 78054K, committed 78296K, reserved 1116160K
  class space    used 10026K, capacity 10658K, committed 10752K, reserved 1048576K
}
Event: 64.714 GC heap before
{Heap before GC invocations=22 (full 3):
 PSYoungGen      total 219648K, used 213087K [0x00000000d5580000, 0x00000000e4880000, 0x0000000100000000)
  eden space 193536K, 100% used [0x00000000d5580000,0x00000000e1280000,0x00000000e1280000)
  from space 26112K, 74% used [0x00000000e2d80000,0x00000000e4097f68,0x00000000e4700000)
  to   space 27648K, 0% used [0x00000000e1280000,0x00000000e1280000,0x00000000e2d80000)
 ParOldGen       total 118272K, used 68848K [0x0000000080000000, 0x0000000087380000, 0x00000000d5580000)
  object space 118272K, 58% used [0x0000000080000000,0x000000008433c0c8,0x0000000087380000)
 Metaspace       used 84511K, capacity 88414K, committed 88664K, reserved 1126400K
  class space    used 11388K, capacity 12115K, committed 12160K, reserved 1048576K
Event: 64.805 GC heap after
Heap after GC invocations=22 (full 3):
 PSYoungGen      total 221184K, used 27635K [0x00000000d5580000, 0x00000000e7080000, 0x0000000100000000)
  eden space 193536K, 0% used [0x00000000d5580000,0x00000000d5580000,0x00000000e1280000)
  from space 27648K, 99% used [0x00000000e1280000,0x00000000e2d7ce78,0x00000000e2d80000)
  to   space 37376K, 0% used [0x00000000e4c00000,0x00000000e4c00000,0x00000000e7080000)
 ParOldGen       total 118272K, used 83443K [0x0000000080000000, 0x0000000087380000, 0x00000000d5580000)
  object space 118272K, 70% used [0x0000000080000000,0x000000008517ccc8,0x0000000087380000)
 Metaspace       used 84511K, capacity 88414K, committed 88664K, reserved 1126400K
  class space    used 11388K, capacity 12115K, committed 12160K, reserved 1048576K
}
Event: 66.925 GC heap before
{Heap before GC invocations=23 (full 3):
 PSYoungGen      total 221184K, used 221171K [0x00000000d5580000, 0x00000000e7080000, 0x0000000100000000)
  eden space 193536K, 100% used [0x00000000d5580000,0x00000000e1280000,0x00000000e1280000)
  from space 27648K, 99% used [0x00000000e1280000,0x00000000e2d7ce78,0x00000000e2d80000)
  to   space 37376K, 0% used [0x00000000e4c00000,0x00000000e4c00000,0x00000000e7080000)
 ParOldGen       total 118272K, used 83443K [0x0000000080000000, 0x0000000087380000, 0x00000000d5580000)
  object space 118272K, 70% used [0x0000000080000000,0x000000008517ccc8,0x0000000087380000)
 Metaspace       used 92060K, capacity 96700K, committed 96984K, reserved 1132544K
  class space    used 12598K, capacity 13496K, committed 13568K, reserved 1048576K
Event: 66.998 GC heap after
Heap after GC invocations=23 (full 3):
 PSYoungGen      total 233472K, used 37368K [0x00000000d5580000, 0x00000000e9f00000, 0x0000000100000000)
  eden space 196096K, 0% used [0x00000000d5580000,0x00000000d5580000,0x00000000e1500000)
  from space 37376K, 99% used [0x00000000e4c00000,0x00000000e707e1f8,0x00000000e7080000)
  to   space 56320K, 0% used [0x00000000e1500000,0x00000000e1500000,0x00000000e4c00000)
 ParOldGen       total 118784K, used 118388K [0x0000000080000000, 0x0000000087400000, 0x00000000d5580000)
  object space 118784K, 99% used [0x0000000080000000,0x000000008739d0c0,0x0000000087400000)
 Metaspace       used 92060K, capacity 96700K, committed 96984K, reserved 1132544K
  class space    used 12598K, capacity 13496K, committed 13568K, reserved 1048576K
}
Event: 66.998 GC heap before
{Heap before GC invocations=24 (full 4):
 PSYoungGen      total 233472K, used 37368K [0x00000000d5580000, 0x00000000e9f00000, 0x0000000100000000)
  eden space 196096K, 0% used [0x00000000d5580000,0x00000000d5580000,0x00000000e1500000)
  from space 37376K, 99% used [0x00000000e4c00000,0x00000000e707e1f8,0x00000000e7080000)
  to   space 56320K, 0% used [0x00000000e1500000,0x00000000e1500000,0x00000000e4c00000)
 ParOldGen       total 118784K, used 118388K [0x0000000080000000, 0x0000000087400000, 0x00000000d5580000)
  object space 118784K, 99% used [0x0000000080000000,0x000000008739d0c0,0x0000000087400000)
 Metaspace       used 92060K, capacity 96700K, committed 96984K, reserved 1132544K
  class space    used 12598K, capacity 13496K, committed 13568K, reserved 1048576K
Event: 68.290 GC heap after
Heap after GC invocations=24 (full 4):
 PSYoungGen      total 233472K, used 0K [0x00000000d5580000, 0x00000000e9f00000, 0x0000000100000000)
  eden space 196096K, 0% used [0x00000000d5580000,0x00000000d5580000,0x00000000e1500000)
  from space 37376K, 0% used [0x00000000e4c00000,0x00000000e4c00000,0x00000000e7080000)
  to   space 56320K, 0% used [0x00000000e1500000,0x00000000e1500000,0x00000000e4c00000)
 ParOldGen       total 245248K, used 115155K [0x0000000080000000, 0x000000008ef80000, 0x00000000d5580000)
  object space 245248K, 46% used [0x0000000080000000,0x0000000087074e08,0x000000008ef80000)
 Metaspace       used 91759K, capacity 95918K, committed 96984K, reserved 1132544K
  class space    used 12497K, capacity 13315K, committed 13568K, reserved 1048576K
}
Event: 69.376 GC heap before
{Heap before GC invocations=25 (full 4):
 PSYoungGen      total 233472K, used 196096K [0x00000000d5580000, 0x00000000e9f00000, 0x0000000100000000)
  eden space 196096K, 100% used [0x00000000d5580000,0x00000000e1500000,0x00000000e1500000)
  from space 37376K, 0% used [0x00000000e4c00000,0x00000000e4c00000,0x00000000e7080000)
  to   space 56320K, 0% used [0x00000000e1500000,0x00000000e1500000,0x00000000e4c00000)
 ParOldGen       total 245248K, used 115155K [0x0000000080000000, 0x000000008ef80000, 0x00000000d5580000)
  object space 245248K, 46% used [0x0000000080000000,0x0000000087074e08,0x000000008ef80000)
 Metaspace       used 93159K, capacity 97800K, committed 98008K, reserved 1134592K
  class space    used 12647K, capacity 13498K, committed 13568K, reserved 1048576K
Event: 69.448 GC heap after
Heap after GC invocations=25 (full 4):
 PSYoungGen      total 252416K, used 43029K [0x00000000d5580000, 0x00000000e9f00000, 0x0000000100000000)
  eden space 196096K, 0% used [0x00000000d5580000,0x00000000d5580000,0x00000000e1500000)
  from space 56320K, 76% used [0x00000000e1500000,0x00000000e3f05600,0x00000000e4c00000)
  to   space 37376K, 0% used [0x00000000e4c00000,0x00000000e4c00000,0x00000000e7080000)
 ParOldGen       total 245248K, used 115163K [0x0000000080000000, 0x000000008ef80000, 0x00000000d5580000)
  object space 245248K, 46% used [0x0000000080000000,0x0000000087076e08,0x000000008ef80000)
 Metaspace       used 93159K, capacity 97800K, committed 98008K, reserved 1134592K
  class space    used 12647K, capacity 13498K, committed 13568K, reserved 1048576K
}

Deoptimization events (10 events):
Event: 69.254 Thread 0x000000001f2b4000 Uncommon trap: reason=array_check action=maybe_recompile pc=0x000000000506afe4 method=java.util.TimSort.binarySort([Ljava/lang/Object;IIILjava/util/Comparator;)V @ 215
Event: 69.255 Thread 0x000000001f2b4000 Uncommon trap: reason=array_check action=maybe_recompile pc=0x0000000003a80ba0 method=java.util.TimSort.binarySort([Ljava/lang/Object;IIILjava/util/Comparator;)V @ 215
Event: 69.300 Thread 0x000000001f2b4000 Uncommon trap: reason=unstable_if action=reinterpret pc=0x000000000553adec method=com.android.tools.r8.utils.T.a(Ljava/lang/String;Lcom/android/tools/r8/naming/b;)Ljava/lang/String; @ 9
Event: 69.494 Thread 0x000000001f2b5000 Uncommon trap: reason=unstable_if action=reinterpret pc=0x0000000003d71a14 method=com.android.tools.r8.graph.Y.a([Lcom/android/tools/r8/graph/Y;Ljava/util/function/Consumer;)V @ 21
Event: 69.512 Thread 0x000000001f2aa800 Uncommon trap: reason=unstable_if action=reinterpret pc=0x0000000004f95dd0 method=com.google.common.collect.MapMakerInternalMap$Segment.drainKeyReferenceQueue(Ljava/lang/ref/ReferenceQueue;)V @ 32
Event: 69.518 Thread 0x000000001b4be800 Uncommon trap: reason=unstable_if action=reinterpret pc=0x0000000005026058 method=org.gradle.cache.internal.btree.FileBackedBlockStore$BlockImpl.getPos()Lorg/gradle/cache/internal/btree/BlockPointer; @ 4
Event: 69.519 Thread 0x000000001b4be800 Uncommon trap: reason=bimorphic action=maybe_recompile pc=0x0000000003971914 method=java.io.DataOutputStream.writeLong(J)V @ 108
Event: 69.519 Thread 0x000000001b4be800 Uncommon trap: reason=bimorphic action=maybe_recompile pc=0x0000000003971914 method=java.io.DataOutputStream.writeLong(J)V @ 108
Event: 69.519 Thread 0x000000001b4be800 Uncommon trap: reason=bimorphic action=maybe_recompile pc=0x0000000003971914 method=java.io.DataOutputStream.writeLong(J)V @ 108
Event: 69.519 Thread 0x000000001b4be800 Uncommon trap: reason=bimorphic action=maybe_recompile pc=0x0000000003971914 method=java.io.DataOutputStream.writeLong(J)V @ 108

Classes redefined (0 events):
No events

Internal exceptions (10 events):
Event: 68.567 Thread 0x000000001f2b3800 Exception <a 'sun/nio/fs/WindowsException'> (0x00000000d9ac1e78) thrown at [C:\src\AOSP-openjdk-git\hotspot\src\share\vm\prims\jni.cpp, line 710]
Event: 68.578 Thread 0x0000000021743800 Exception <a 'sun/nio/fs/WindowsException'> (0x00000000d9986638) thrown at [C:\src\AOSP-openjdk-git\hotspot\src\share\vm\prims\jni.cpp, line 710]
Event: 68.633 Thread 0x0000000021743800 Exception <a 'sun/nio/fs/WindowsException'> (0x00000000da697920) thrown at [C:\src\AOSP-openjdk-git\hotspot\src\share\vm\prims\jni.cpp, line 710]
Event: 68.636 Thread 0x0000000021743800 Exception <a 'sun/nio/fs/WindowsException'> (0x00000000da69f6d8) thrown at [C:\src\AOSP-openjdk-git\hotspot\src\share\vm\prims\jni.cpp, line 710]
Event: 68.664 Thread 0x0000000021743800 Exception <a 'sun/nio/fs/WindowsException'> (0x00000000dac777d8) thrown at [C:\src\AOSP-openjdk-git\hotspot\src\share\vm\prims\jni.cpp, line 710]
Event: 68.667 Thread 0x0000000021743800 Exception <a 'sun/nio/fs/WindowsException'> (0x00000000dac801e8) thrown at [C:\src\AOSP-openjdk-git\hotspot\src\share\vm\prims\jni.cpp, line 710]
Event: 68.670 Thread 0x0000000021743800 Exception <a 'sun/nio/fs/WindowsException'> (0x00000000daeace80) thrown at [C:\src\AOSP-openjdk-git\hotspot\src\share\vm\prims\jni.cpp, line 710]
Event: 68.781 Thread 0x0000000021743800 Exception <a 'sun/nio/fs/WindowsException'> (0x00000000dccc54c8) thrown at [C:\src\AOSP-openjdk-git\hotspot\src\share\vm\prims\jni.cpp, line 710]
Event: 69.183 Thread 0x000000001f2b8000 Implicit null exception at 0x0000000004d9e54c to 0x0000000004d9e55f
Event: 69.603 Thread 0x0000000021743800 Exception <a 'sun/nio/fs/WindowsException'> (0x00000000d67deb60) thrown at [C:\src\AOSP-openjdk-git\hotspot\src\share\vm\prims\jni.cpp, line 710]

Events (10 events):
Event: 69.531 Thread 0x000000001f2aa800 DEOPT PACKING pc=0x000000000502e264 sp=0x000000002f2dd8b0
Event: 69.531 Thread 0x000000001f2aa800 DEOPT UNPACKING pc=0x0000000002fa75d0 sp=0x000000002f2dd5d0 mode 0
Event: 69.552 Executing VM operation: ForceSafepoint
Event: 69.553 Executing VM operation: ForceSafepoint done
Event: 69.558 Executing VM operation: RevokeBias
Event: 69.559 Executing VM operation: RevokeBias done
Event: 69.559 Thread 0x000000001f2b3800 DEOPT PACKING pc=0x000000000435c5ec sp=0x000000002f9df010
Event: 69.559 Thread 0x000000001f2b3800 DEOPT UNPACKING pc=0x0000000002fa75d0 sp=0x000000002f9dee30 mode 0
Event: 69.592 loading class com/android/builder/dexing/NonIncrementalJarDexArchive
Event: 69.592 loading class com/android/builder/dexing/NonIncrementalJarDexArchive done


Dynamic libraries:
0x00007ff7224f0000 - 0x00007ff722521000 	C:\Program Files\Android\Android Studio\jre\bin\java.exe
0x00007ffbf6ca0000 - 0x00007ffbf6e90000 	C:\WINDOWS\SYSTEM32\ntdll.dll
0x00007ffbc2420000 - 0x00007ffbc2432000 	C:\Program Files\Avast Software\Avast\aswhook.dll
0x00007ffbf5fc0000 - 0x00007ffbf6072000 	C:\WINDOWS\System32\KERNEL32.DLL
0x00007ffbf48f0000 - 0x00007ffbf4b95000 	C:\WINDOWS\System32\KERNELBASE.dll
0x00007ffbf4dd0000 - 0x00007ffbf4e73000 	C:\WINDOWS\System32\ADVAPI32.dll
0x00007ffbf5780000 - 0x00007ffbf581e000 	C:\WINDOWS\System32\msvcrt.dll
0x00007ffbf56e0000 - 0x00007ffbf5777000 	C:\WINDOWS\System32\sechost.dll
0x00007ffbf6950000 - 0x00007ffbf6a70000 	C:\WINDOWS\System32\RPCRT4.dll
0x00007ffbf5820000 - 0x00007ffbf59b4000 	C:\WINDOWS\System32\USER32.dll
0x00007ffbf4140000 - 0x00007ffbf4161000 	C:\WINDOWS\System32\win32u.dll
0x00007ffbf4fe0000 - 0x00007ffbf5006000 	C:\WINDOWS\System32\GDI32.dll
0x00007ffbf3e30000 - 0x00007ffbf3fc6000 	C:\WINDOWS\System32\gdi32full.dll
0x00007ffbf3ff0000 - 0x00007ffbf408e000 	C:\WINDOWS\System32\msvcp_win.dll
0x00007ffbf3d30000 - 0x00007ffbf3e2a000 	C:\WINDOWS\System32\ucrtbase.dll
0x00007ffbd7550000 - 0x00007ffbd77d4000 	C:\WINDOWS\WinSxS\amd64_microsoft.windows.common-controls_6595b64144ccf1df_6.0.18362.1139_none_9e7bf2d3e4605ac6\COMCTL32.dll
0x00007ffbf5c80000 - 0x00007ffbf5fb5000 	C:\WINDOWS\System32\combase.dll
0x00007ffbf3cb0000 - 0x00007ffbf3d30000 	C:\WINDOWS\System32\bcryptPrimitives.dll
0x00007ffbf5a80000 - 0x00007ffbf5aae000 	C:\WINDOWS\System32\IMM32.DLL
0x00000000598e0000 - 0x00000000599b2000 	C:\Program Files\Android\Android Studio\jre\jre\bin\msvcr100.dll
0x000000005a3f0000 - 0x000000005ac3b000 	C:\Program Files\Android\Android Studio\jre\jre\bin\server\jvm.dll
0x00007ffbf56d0000 - 0x00007ffbf56d8000 	C:\WINDOWS\System32\PSAPI.DLL
0x00007ffbe4c70000 - 0x00007ffbe4c79000 	C:\WINDOWS\SYSTEM32\WSOCK32.dll
0x00007ffbf6b20000 - 0x00007ffbf6b8f000 	C:\WINDOWS\System32\WS2_32.dll
0x00007ffbe5380000 - 0x00007ffbe53a4000 	C:\WINDOWS\SYSTEM32\WINMM.dll
0x00007ffbea2f0000 - 0x00007ffbea2fa000 	C:\WINDOWS\SYSTEM32\VERSION.dll
0x00007ffbe5350000 - 0x00007ffbe537d000 	C:\WINDOWS\SYSTEM32\WINMMBASE.dll
0x00007ffbf3c30000 - 0x00007ffbf3c7a000 	C:\WINDOWS\System32\cfgmgr32.dll
0x00007ffbed270000 - 0x00007ffbed27f000 	C:\Program Files\Android\Android Studio\jre\jre\bin\verify.dll
0x00007ffbde3b0000 - 0x00007ffbde3d9000 	C:\Program Files\Android\Android Studio\jre\jre\bin\java.dll
0x00007ffbde500000 - 0x00007ffbde516000 	C:\Program Files\Android\Android Studio\jre\jre\bin\zip.dll
0x00007ffbf6260000 - 0x00007ffbf6947000 	C:\WINDOWS\System32\SHELL32.dll
0x00007ffbf6080000 - 0x00007ffbf6129000 	C:\WINDOWS\System32\shcore.dll
0x00007ffbf4170000 - 0x00007ffbf48f0000 	C:\WINDOWS\System32\windows.storage.dll
0x00007ffbf3be0000 - 0x00007ffbf3c03000 	C:\WINDOWS\System32\profapi.dll
0x00007ffbf3b90000 - 0x00007ffbf3bda000 	C:\WINDOWS\System32\powrprof.dll
0x00007ffbf3b60000 - 0x00007ffbf3b70000 	C:\WINDOWS\System32\UMPDC.dll
0x00007ffbf5a20000 - 0x00007ffbf5a72000 	C:\WINDOWS\System32\shlwapi.dll
0x00007ffbf3b70000 - 0x00007ffbf3b81000 	C:\WINDOWS\System32\kernel.appcore.dll
0x00007ffbf3fd0000 - 0x00007ffbf3fe7000 	C:\WINDOWS\System32\cryptsp.dll
0x00007ffbde380000 - 0x00007ffbde39a000 	C:\Program Files\Android\Android Studio\jre\jre\bin\net.dll
0x00007ffbf33b0000 - 0x00007ffbf3417000 	C:\WINDOWS\system32\mswsock.dll
0x00007ffbdd960000 - 0x00007ffbdd973000 	C:\Program Files\Android\Android Studio\jre\jre\bin\nio.dll
0x00007ffbc9580000 - 0x00007ffbc95a7000 	C:\Users\trist\.gradle\native\f6784746aeab05261644944871eae4fe03e0ef1612fff0a4a95f87b438bc6780\windows-amd64\native-platform.dll
0x00007ffbe3200000 - 0x00007ffbe320d000 	C:\Program Files\Android\Android Studio\jre\jre\bin\management.dll
0x00007ffbf2f20000 - 0x00007ffbf2f53000 	C:\WINDOWS\system32\rsaenh.dll
0x00007ffbf3c80000 - 0x00007ffbf3ca6000 	C:\WINDOWS\System32\bcrypt.dll
0x00007ffbf3a80000 - 0x00007ffbf3aa5000 	C:\WINDOWS\SYSTEM32\USERENV.dll
0x00007ffbf3580000 - 0x00007ffbf358c000 	C:\WINDOWS\SYSTEM32\CRYPTBASE.dll
0x00007ffbf30c0000 - 0x00007ffbf30fa000 	C:\WINDOWS\SYSTEM32\IPHLPAPI.DLL
0x00007ffbf5010000 - 0x00007ffbf5018000 	C:\WINDOWS\System32\NSI.dll
0x00007ffbe9a60000 - 0x00007ffbe9a76000 	C:\WINDOWS\SYSTEM32\dhcpcsvc6.DLL
0x00007ffbe9a00000 - 0x00007ffbe9a1c000 	C:\WINDOWS\SYSTEM32\dhcpcsvc.DLL
0x00007ffbf3100000 - 0x00007ffbf31cb000 	C:\WINDOWS\SYSTEM32\DNSAPI.dll
0x00007ffbe9a80000 - 0x00007ffbe9a8b000 	C:\WINDOWS\SYSTEM32\WINNSI.DLL
0x00007ffbd7ff0000 - 0x00007ffbd800e000 	C:\Users\trist\AppData\Local\Temp\native-platform4405493305570850081dir\native-platform.dll

VM Arguments:
jvm_args: -Xmx2048m -Dfile.encoding=UTF-8 -Duser.country=FR -Duser.language=fr -Duser.variant 
java_command: org.gradle.launcher.daemon.bootstrap.GradleDaemon 6.5
java_class_path (initial): C:\Users\trist\.gradle\wrapper\dists\gradle-6.5-bin\6nifqtx7604sqp1q6g8wikw7p\gradle-6.5\lib\gradle-launcher-6.5.jar
Launcher Type: SUN_STANDARD

Environment Variables:
PATH=C:\app\oracle\product\11.2.0\dbhome_1\bin;C:\Program Files (x86)\Intel\Intel(R) Management Engine Components\iCLS\;C:\Program Files\Intel\Intel(R) Management Engine Components\iCLS\;C:\Windows\system32;C:\Windows;C:\Windows\System32\Wbem;C:\Windows\System32\WindowsPowerShell\v1.0\;C:\Windows\System32\OpenSSH\;C:\Program Files (x86)\NVIDIA Corporation\PhysX\Common;C:\Program Files (x86)\Intel\Intel(R) Management Engine Components\DAL;C:\Program Files\Intel\Intel(R) Management Engine Components\DAL;C:\Program Files\Intel\WiFi\bin\;C:\Program Files\Common Files\Intel\WirelessCommon\;C:\Program Files\nodejs\;C:\WINDOWS\system32;C:\WINDOWS;C:\WINDOWS\System32\Wbem;C:\WINDOWS\System32\WindowsPowerShell\v1.0\;C:\WINDOWS\System32\OpenSSH\;C:\Program Files\NVIDIA Corporation\NVIDIA NvDLISR;C:\Program Files\Git\cmd;C:\Users\trist\AppData\Local\Microsoft\WindowsApps;C:\Users\trist\AppData\Local\atom\bin;C:\Users\trist\AppData\Roaming\npm;C:\Users\trist\AppData\Local\Microsoft\WindowsApps;;C:\Users\trist\AppData\Local\Programs\Microsoft VS Code\bin
USERNAME=trist
OS=Windows_NT
PROCESSOR_IDENTIFIER=Intel64 Family 6 Model 142 Stepping 11, GenuineIntel



---------------  S Y S T E M  ---------------

OS: Windows 10.0 , 64 bit Build 18362 (10.0.18362.1110)

CPU:total 8 (initial active 8) (4 cores per cpu, 2 threads per core) family 6 model 142 stepping 11, cmov, cx8, fxsr, mmx, sse, sse2, sse3, ssse3, sse4.1, sse4.2, popcnt, avx, avx2, aes, clmul, erms, 3dnowpref, lzcnt, ht, tsc, tscinvbit, bmi1, bmi2, adx

Memory: 4k page, physical 8236400k(150196k free), swap 21540828k(1908k free)

vm_info: OpenJDK 64-Bit Server VM (25.242-b01) for windows-amd64 JRE (1.8.0_242-release-1644-b01), built by "builder" with MS VC++ 10.0 (VS2010)

time: Mon Nov 16 14:06:32 2020
timezone: Paris, Madrid
elapsed time: 69 seconds (0d 0h 1m 9s)

