#
# There is insufficient memory for the Java Runtime Environment to continue.
# Native memory allocation (malloc) failed to allocate 552496 bytes for Chunk::new
# Possible reasons:
#   The system is out of physical RAM or swap space
#   The process is running with CompressedOops enabled, and the Java Heap may be blocking the growth of the native heap
# Possible solutions:
#   Reduce memory load on the system
#   Increase physical memory or swap space
#   Check if swap backing store is full
#   Decrease Java heap size (-Xmx/-Xms)
#   Decrease number of Java threads
#   Decrease Java thread stack sizes (-Xss)
#   Set larger code cache with -XX:ReservedCodeCacheSize=
#   JVM is running with Unscaled Compressed Oops mode in which the Java heap is
#     placed in the first 4GB address space. The Java Heap base address is the
#     maximum limit for the native heap growth. Please use -XX:HeapBaseMinAddress
#     to set the Java Heap base and to place the Java Heap above 4GB virtual address.
# This output file may be truncated or incomplete.
#
#  Out of Memory Error (allocation.cpp:389), pid=16052, tid=0x0000000000004e58
#
# JRE version: OpenJDK Runtime Environment (8.0_242-b01) (build 1.8.0_242-release-1644-b01)
# Java VM: OpenJDK 64-Bit Server VM (25.242-b01 mixed mode windows-amd64 compressed oops)
# Failed to write core dump. Minidumps are not enabled by default on client versions of Windows
#

---------------  T H R E A D  ---------------

Current thread (0x0000000019b62800):  JavaThread "C2 CompilerThread2" daemon [_thread_in_native, id=20056, stack(0x000000001a650000,0x000000001a750000)]

Stack: [0x000000001a650000,0x000000001a750000]
[error occurred during error reporting (printing stack bounds), id 0xc0000005]

Native frames: (J=compiled Java code, j=interpreted, Vv=VM code, C=native code)


Current CompileTask:
C2:  38393 7082       4       org.gradle.cache.internal.btree.FreeListBlockStore::read (12 bytes)


---------------  P R O C E S S  ---------------

Java Threads: ( => current thread )
  0x000000001cdcb800 JavaThread "Cache worker for execution history cache (C:\Users\trist\Desktop\Ynov\Dev Mobile\Mousvies_git\Mouvies\.gradle\6.5\executionHistory)" [_thread_blocked, id=4756, stack(0x000000002d0b0000,0x000000002d1b0000)]
  0x000000001cdc7800 JavaThread "Execution worker for ':' Thread 7" [_thread_blocked, id=18228, stack(0x000000002cfb0000,0x000000002d0b0000)]
  0x000000001cdc9000 JavaThread "Execution worker for ':' Thread 6" [_thread_blocked, id=15528, stack(0x000000002ceb0000,0x000000002cfb0000)]
  0x000000001cdcd000 JavaThread "Execution worker for ':' Thread 5" [_thread_blocked, id=16716, stack(0x000000002cdb0000,0x000000002ceb0000)]
  0x000000001cdcc000 JavaThread "Execution worker for ':' Thread 4" [_thread_blocked, id=20064, stack(0x000000002ccb0000,0x000000002cdb0000)]
  0x000000001cdc4000 JavaThread "Execution worker for ':' Thread 3" [_thread_blocked, id=20268, stack(0x000000002cbb0000,0x000000002ccb0000)]
  0x000000001cdca000 JavaThread "Execution worker for ':' Thread 2" [_thread_blocked, id=14228, stack(0x000000002cab0000,0x000000002cbb0000)]
  0x000000001cdc7000 JavaThread "Execution worker for ':'" [_thread_blocked, id=1256, stack(0x000000002c9b0000,0x000000002cab0000)]
  0x000000001cdc6000 JavaThread "Cache worker for file content cache (C:\Users\trist\Desktop\Ynov\Dev Mobile\Mousvies_git\Mouvies\.gradle\6.5\fileContent)" [_thread_blocked, id=11996, stack(0x000000002c4b0000,0x000000002c5b0000)]
  0x000000001cdc5800 JavaThread "Memory manager" [_thread_blocked, id=7532, stack(0x000000002c3b0000,0x000000002c4b0000)]
  0x000000001cdca800 JavaThread "Cache worker for Build Output Cleanup Cache (C:\Users\trist\Desktop\Ynov\Dev Mobile\Mousvies_git\Mouvies\.gradle\buildOutputCleanup)" [_thread_blocked, id=13888, stack(0x000000002b2b0000,0x000000002b3b0000)]
  0x000000001cdc4800 JavaThread "jar transforms Thread 113" [_thread_blocked, id=6708, stack(0x000000002adb0000,0x000000002aeb0000)]
  0x000000001cdc8800 JavaThread "jar transforms Thread 112" [_thread_blocked, id=13208, stack(0x000000002acb0000,0x000000002adb0000)]
  0x000000001cdc1000 JavaThread "jar transforms Thread 111" [_thread_blocked, id=15800, stack(0x000000002abb0000,0x000000002acb0000)]
  0x000000001cdc3000 JavaThread "jar transforms Thread 110" [_thread_blocked, id=13612, stack(0x000000002aab0000,0x000000002abb0000)]
  0x000000001cdc1800 JavaThread "jar transforms Thread 109" [_thread_blocked, id=3004, stack(0x000000002a9b0000,0x000000002aab0000)]
  0x000000001cdbe000 JavaThread "jar transforms Thread 108" [_thread_blocked, id=8060, stack(0x000000002a8b0000,0x000000002a9b0000)]
  0x000000001cdbe800 JavaThread "jar transforms Thread 107" [_thread_blocked, id=11596, stack(0x000000002a7b0000,0x000000002a8b0000)]
  0x000000001cdbf800 JavaThread "jar transforms Thread 106" [_thread_blocked, id=19624, stack(0x000000002a6b0000,0x000000002a7b0000)]
  0x000000001cdc2800 JavaThread "jar transforms Thread 105" [_thread_blocked, id=19680, stack(0x000000002a5b0000,0x000000002a6b0000)]
  0x000000001cdc0000 JavaThread "jar transforms Thread 104" [_thread_blocked, id=11688, stack(0x000000002a4b0000,0x000000002a5b0000)]
  0x000000001ac26800 JavaThread "jar transforms Thread 103" [_thread_blocked, id=11180, stack(0x000000002a3b0000,0x000000002a4b0000)]
  0x000000001ac25000 JavaThread "jar transforms Thread 102" [_thread_blocked, id=5696, stack(0x000000002a2b0000,0x000000002a3b0000)]
  0x000000001ac24800 JavaThread "jar transforms Thread 101" [_thread_blocked, id=11728, stack(0x000000002a1b0000,0x000000002a2b0000)]
  0x000000001ac23000 JavaThread "jar transforms Thread 100" [_thread_blocked, id=9308, stack(0x0000000029fb0000,0x000000002a0b0000)]
  0x000000001ac22000 JavaThread "jar transforms Thread 99" [_thread_blocked, id=13168, stack(0x0000000029eb0000,0x0000000029fb0000)]
  0x000000001ac26000 JavaThread "jar transforms Thread 98" [_thread_blocked, id=4148, stack(0x0000000029db0000,0x0000000029eb0000)]
  0x000000001ac29000 JavaThread "jar transforms Thread 97" [_thread_blocked, id=11228, stack(0x0000000029cb0000,0x0000000029db0000)]
  0x000000001ac28000 JavaThread "jar transforms Thread 96" [_thread_blocked, id=20420, stack(0x0000000029bb0000,0x0000000029cb0000)]
  0x000000001ac27800 JavaThread "jar transforms Thread 95" [_thread_blocked, id=14260, stack(0x0000000029ab0000,0x0000000029bb0000)]
  0x000000001ac23800 JavaThread "jar transforms Thread 94" [_thread_blocked, id=3496, stack(0x00000000299b0000,0x0000000029ab0000)]
  0x000000001ac21800 JavaThread "jar transforms Thread 93" [_thread_blocked, id=18160, stack(0x00000000298b0000,0x00000000299b0000)]
  0x000000001ac1a000 JavaThread "jar transforms Thread 92" [_thread_blocked, id=12480, stack(0x00000000297b0000,0x00000000298b0000)]
  0x000000001ac20800 JavaThread "jar transforms Thread 91" [_thread_blocked, id=10476, stack(0x00000000296b0000,0x00000000297b0000)]
  0x000000001ac1e800 JavaThread "jar transforms Thread 90" [_thread_blocked, id=19672, stack(0x00000000295b0000,0x00000000296b0000)]
  0x000000001ac1d000 JavaThread "jar transforms Thread 89" [_thread_blocked, id=11036, stack(0x00000000294b0000,0x00000000295b0000)]
  0x000000001ac1b800 JavaThread "jar transforms Thread 88" [_thread_blocked, id=18984, stack(0x00000000293b0000,0x00000000294b0000)]
  0x000000001ac1a800 JavaThread "jar transforms Thread 87" [_thread_blocked, id=5460, stack(0x00000000292b0000,0x00000000293b0000)]
  0x000000001ac1d800 JavaThread "jar transforms Thread 86" [_thread_blocked, id=7464, stack(0x00000000291b0000,0x00000000292b0000)]
  0x000000001ac1c000 JavaThread "jar transforms Thread 85" [_thread_blocked, id=3200, stack(0x00000000290b0000,0x00000000291b0000)]
  0x000000001ac1f000 JavaThread "jar transforms Thread 84" [_thread_blocked, id=18588, stack(0x0000000028fb0000,0x00000000290b0000)]
  0x000000001ac20000 JavaThread "jar transforms Thread 83" [_thread_blocked, id=20068, stack(0x0000000028eb0000,0x0000000028fb0000)]
  0x0000000020ac4800 JavaThread "jar transforms Thread 82" [_thread_blocked, id=3340, stack(0x0000000028db0000,0x0000000028eb0000)]
  0x0000000020ac3000 JavaThread "jar transforms Thread 81" [_thread_blocked, id=8608, stack(0x0000000028cb0000,0x0000000028db0000)]
  0x0000000020ac2800 JavaThread "jar transforms Thread 80" [_thread_blocked, id=11736, stack(0x0000000028bb0000,0x0000000028cb0000)]
  0x0000000020ac6000 JavaThread "jar transforms Thread 79" [_thread_blocked, id=4820, stack(0x0000000028ab0000,0x0000000028bb0000)]
  0x0000000020ac4000 JavaThread "jar transforms Thread 78" [_thread_blocked, id=7460, stack(0x00000000289b0000,0x0000000028ab0000)]
  0x0000000020ac5800 JavaThread "jar transforms Thread 77" [_thread_blocked, id=19512, stack(0x00000000288b0000,0x00000000289b0000)]
  0x0000000020ac1800 JavaThread "jar transforms Thread 76" [_thread_blocked, id=5760, stack(0x00000000287b0000,0x00000000288b0000)]
  0x0000000020aba000 JavaThread "jar transforms Thread 75" [_thread_blocked, id=19572, stack(0x00000000286b0000,0x00000000287b0000)]
  0x0000000020ac1000 JavaThread "jar transforms Thread 74" [_thread_blocked, id=20356, stack(0x00000000285b0000,0x00000000286b0000)]
  0x0000000020ac0000 JavaThread "jar transforms Thread 73" [_thread_blocked, id=32, stack(0x00000000284b0000,0x00000000285b0000)]
  0x0000000020ab8800 JavaThread "jar transforms Thread 72" [_thread_blocked, id=11380, stack(0x00000000283b0000,0x00000000284b0000)]
  0x0000000020abf800 JavaThread "jar transforms Thread 71" [_thread_blocked, id=3040, stack(0x00000000282b0000,0x00000000283b0000)]
  0x0000000020ab8000 JavaThread "jar transforms Thread 70" [_thread_blocked, id=8896, stack(0x00000000281b0000,0x00000000282b0000)]
  0x0000000020abe800 JavaThread "jar transforms Thread 69" [_thread_blocked, id=7272, stack(0x00000000280b0000,0x00000000281b0000)]
  0x0000000020ab9800 JavaThread "jar transforms Thread 68" [_thread_blocked, id=18252, stack(0x0000000027fb0000,0x00000000280b0000)]
  0x0000000020abe000 JavaThread "jar transforms Thread 67" [_thread_blocked, id=18616, stack(0x0000000027eb0000,0x0000000027fb0000)]
  0x0000000020ab7000 JavaThread "jar transforms Thread 66" [_thread_blocked, id=13408, stack(0x0000000027db0000,0x0000000027eb0000)]
  0x0000000020abd000 JavaThread "jar transforms Thread 65" [_thread_blocked, id=5748, stack(0x0000000027cb0000,0x0000000027db0000)]
  0x0000000020abc800 JavaThread "jar transforms Thread 64" [_thread_blocked, id=7536, stack(0x0000000027bb0000,0x0000000027cb0000)]
  0x0000000020abb800 JavaThread "jar transforms Thread 63" [_thread_blocked, id=20452, stack(0x0000000027ab0000,0x0000000027bb0000)]
  0x0000000020abb000 JavaThread "jar transforms Thread 62" [_thread_blocked, id=3508, stack(0x00000000279b0000,0x0000000027ab0000)]
  0x000000001f312800 JavaThread "jar transforms Thread 61" [_thread_blocked, id=17404, stack(0x00000000278b0000,0x00000000279b0000)]
  0x000000001f313800 JavaThread "jar transforms Thread 60" [_thread_blocked, id=9688, stack(0x00000000277b0000,0x00000000278b0000)]
  0x000000001f319800 JavaThread "jar transforms Thread 59" [_thread_blocked, id=19640, stack(0x00000000276b0000,0x00000000277b0000)]
  0x000000001f318000 JavaThread "jar transforms Thread 58" [_thread_blocked, id=13104, stack(0x00000000275b0000,0x00000000276b0000)]
  0x000000001f316800 JavaThread "jar transforms Thread 57" [_thread_blocked, id=19696, stack(0x00000000274b0000,0x00000000275b0000)]
  0x000000001f315800 JavaThread "jar transforms Thread 56" [_thread_blocked, id=10668, stack(0x00000000273b0000,0x00000000274b0000)]
  0x000000001f318800 JavaThread "jar transforms Thread 55" [_thread_blocked, id=3160, stack(0x00000000272b0000,0x00000000273b0000)]
  0x000000001f315000 JavaThread "jar transforms Thread 54" [_thread_blocked, id=17564, stack(0x00000000271b0000,0x00000000272b0000)]
  0x000000001f314000 JavaThread "jar transforms Thread 53" [_thread_blocked, id=20160, stack(0x00000000270b0000,0x00000000271b0000)]
  0x000000001f317000 JavaThread "jar transforms Thread 52" [_thread_blocked, id=14824, stack(0x0000000026fb0000,0x00000000270b0000)]
  0x000000001f30b000 JavaThread "jar transforms Thread 51" [_thread_blocked, id=8708, stack(0x0000000026eb0000,0x0000000026fb0000)]
  0x000000001f30d000 JavaThread "jar transforms Thread 50" [_thread_blocked, id=11236, stack(0x0000000026db0000,0x0000000026eb0000)]
  0x000000001f30c800 JavaThread "jar transforms Thread 49" [_thread_blocked, id=3448, stack(0x0000000026cb0000,0x0000000026db0000)]
  0x000000001f312000 JavaThread "jar transforms Thread 48" [_thread_blocked, id=19460, stack(0x0000000026bb0000,0x0000000026cb0000)]
  0x000000001f311000 JavaThread "jar transforms Thread 47" [_thread_blocked, id=5732, stack(0x0000000026ab0000,0x0000000026bb0000)]
  0x000000001f30f800 JavaThread "jar transforms Thread 46" [_thread_blocked, id=18964, stack(0x00000000269b0000,0x0000000026ab0000)]
  0x000000001f30a000 JavaThread "jar transforms Thread 45" [_thread_blocked, id=13824, stack(0x00000000268b0000,0x00000000269b0000)]
  0x000000001f30b800 JavaThread "jar transforms Thread 44" [_thread_blocked, id=14420, stack(0x00000000267b0000,0x00000000268b0000)]
  0x000000001f30e800 JavaThread "jar transforms Thread 43" [_thread_blocked, id=3704, stack(0x00000000266b0000,0x00000000267b0000)]
  0x000000001f30e000 JavaThread "jar transforms Thread 42" [_thread_blocked, id=11716, stack(0x00000000265b0000,0x00000000266b0000)]
  0x000000001f310000 JavaThread "jar transforms Thread 41" [_thread_blocked, id=18672, stack(0x00000000264b0000,0x00000000265b0000)]
  0x000000001f075800 JavaThread "jar transforms Thread 40" [_thread_blocked, id=3092, stack(0x00000000263b0000,0x00000000264b0000)]
  0x000000001f075000 JavaThread "jar transforms Thread 39" [_thread_blocked, id=4592, stack(0x00000000262b0000,0x00000000263b0000)]
  0x000000001f076800 JavaThread "jar transforms Thread 38" [_thread_blocked, id=12504, stack(0x00000000261b0000,0x00000000262b0000)]
  0x000000001f074000 JavaThread "jar transforms Thread 37" [_thread_blocked, id=4828, stack(0x00000000260b0000,0x00000000261b0000)]
  0x000000001f072000 JavaThread "jar transforms Thread 36" [_thread_blocked, id=13484, stack(0x0000000025fb0000,0x00000000260b0000)]
  0x000000001f073800 JavaThread "jar transforms Thread 35" [_thread_blocked, id=3696, stack(0x0000000025eb0000,0x0000000025fb0000)]
  0x000000001f070800 JavaThread "jar transforms Thread 34" [_thread_blocked, id=8864, stack(0x0000000025db0000,0x0000000025eb0000)]
  0x000000001f072800 JavaThread "jar transforms Thread 33" [_thread_blocked, id=19732, stack(0x0000000025cb0000,0x0000000025db0000)]
  0x000000001f071000 JavaThread "jar transforms Thread 32" [_thread_blocked, id=892, stack(0x0000000025bb0000,0x0000000025cb0000)]
  0x000000001f077000 JavaThread "jar transforms Thread 31" [_thread_blocked, id=12500, stack(0x0000000025ab0000,0x0000000025bb0000)]
  0x00000000216e3000 JavaThread "jar transforms Thread 30" [_thread_blocked, id=17420, stack(0x00000000259b0000,0x0000000025ab0000)]
  0x00000000216e2800 JavaThread "jar transforms Thread 29" [_thread_blocked, id=19712, stack(0x00000000258b0000,0x00000000259b0000)]
  0x00000000216e0000 JavaThread "jar transforms Thread 28" [_thread_blocked, id=11140, stack(0x00000000257b0000,0x00000000258b0000)]
  0x00000000216df800 JavaThread "jar transforms Thread 27" [_thread_blocked, id=8568, stack(0x00000000256b0000,0x00000000257b0000)]
  0x00000000216e1800 JavaThread "jar transforms Thread 26" [_thread_blocked, id=2320, stack(0x00000000255b0000,0x00000000256b0000)]
  0x00000000216e4000 JavaThread "jar transforms Thread 25" [_thread_blocked, id=17500, stack(0x00000000254b0000,0x00000000255b0000)]
  0x00000000216de800 JavaThread "jar transforms Thread 24" [_thread_blocked, id=2024, stack(0x00000000253b0000,0x00000000254b0000)]
  0x00000000216e1000 JavaThread "jar transforms Thread 23" [_thread_blocked, id=7720, stack(0x00000000252b0000,0x00000000253b0000)]
  0x00000000216d7000 JavaThread "jar transforms Thread 22" [_thread_blocked, id=5436, stack(0x00000000251b0000,0x00000000252b0000)]
  0x00000000216dd800 JavaThread "jar transforms Thread 21" [_thread_blocked, id=17728, stack(0x00000000250b0000,0x00000000251b0000)]
  0x00000000216d6000 JavaThread "jar transforms Thread 20" [_thread_blocked, id=15536, stack(0x0000000024fb0000,0x00000000250b0000)]
  0x00000000216dd000 JavaThread "jar transforms Thread 19" [_thread_blocked, id=20288, stack(0x0000000024eb0000,0x0000000024fb0000)]
  0x00000000216da800 JavaThread "jar transforms Thread 18" [_thread_blocked, id=15856, stack(0x0000000024db0000,0x0000000024eb0000)]
  0x00000000216da000 JavaThread "jar transforms Thread 17" [_thread_blocked, id=2684, stack(0x0000000024cb0000,0x0000000024db0000)]
  0x00000000216d9000 JavaThread "jar transforms Thread 16" [_thread_blocked, id=16888, stack(0x0000000024bb0000,0x0000000024cb0000)]
  0x00000000216dc000 JavaThread "jar transforms Thread 15" [_thread_blocked, id=7068, stack(0x0000000024ab0000,0x0000000024bb0000)]
  0x00000000216d4800 JavaThread "jar transforms Thread 14" [_thread_blocked, id=19364, stack(0x00000000249b0000,0x0000000024ab0000)]
  0x00000000216d8800 JavaThread "jar transforms Thread 13" [_thread_blocked, id=2688, stack(0x00000000248b0000,0x00000000249b0000)]
  0x00000000216d7800 JavaThread "jar transforms Thread 12" [_thread_blocked, id=19644, stack(0x00000000247b0000,0x00000000248b0000)]
  0x00000000216d5800 JavaThread "jar transforms Thread 11" [_thread_blocked, id=8844, stack(0x00000000246b0000,0x00000000247b0000)]
  0x00000000216db800 JavaThread "jar transforms Thread 10" [_thread_blocked, id=1300, stack(0x00000000245b0000,0x00000000246b0000)]
  0x000000001eaef800 JavaThread "jar transforms Thread 9" [_thread_blocked, id=17400, stack(0x00000000244b0000,0x00000000245b0000)]
  0x000000001eaee800 JavaThread "jar transforms Thread 8" [_thread_blocked, id=3736, stack(0x00000000243b0000,0x00000000244b0000)]
  0x000000001eaee000 JavaThread "jar transforms Thread 7" [_thread_blocked, id=20324, stack(0x00000000242b0000,0x00000000243b0000)]
  0x000000001eaec800 JavaThread "jar transforms Thread 6" [_thread_blocked, id=20400, stack(0x00000000241b0000,0x00000000242b0000)]
  0x000000001eaeb800 JavaThread "jar transforms Thread 5" [_thread_blocked, id=18864, stack(0x00000000240b0000,0x00000000241b0000)]
  0x000000001eaeb000 JavaThread "jar transforms Thread 4" [_thread_blocked, id=5948, stack(0x0000000023fb0000,0x00000000240b0000)]
  0x000000001eaea000 JavaThread "jar transforms Thread 3" [_thread_blocked, id=2180, stack(0x0000000023eb0000,0x0000000023fb0000)]
  0x000000001eaed000 JavaThread "jar transforms Thread 2" [_thread_blocked, id=5024, stack(0x0000000023db0000,0x0000000023eb0000)]
  0x000000001eae2800 JavaThread "Build operations Thread 8" [_thread_in_Java, id=2700, stack(0x0000000023bb0000,0x0000000023cb0000)]
  0x000000001eae9800 JavaThread "Build operations Thread 7" [_thread_in_native, id=6204, stack(0x0000000023ab0000,0x0000000023bb0000)]
  0x000000001eae2000 JavaThread "Build operations Thread 6" [_thread_blocked, id=18632, stack(0x00000000239b0000,0x0000000023ab0000)]
  0x000000001eae8800 JavaThread "Build operations Thread 5" [_thread_blocked, id=3384, stack(0x00000000238b0000,0x00000000239b0000)]
  0x000000001eae5800 JavaThread "Build operations Thread 4" [_thread_blocked, id=2312, stack(0x00000000237b0000,0x00000000238b0000)]
  0x000000001eae5000 JavaThread "Build operations Thread 3" [_thread_blocked, id=11676, stack(0x00000000236b0000,0x00000000237b0000)]
  0x000000001eae7000 JavaThread "Build operations Thread 2" [_thread_blocked, id=4060, stack(0x00000000235b0000,0x00000000236b0000)]
  0x000000001eae4000 JavaThread "Build operations" [_thread_in_native, id=9180, stack(0x0000000023050000,0x0000000023150000)]
  0x000000001eae0800 JavaThread "Cache worker for file content cache (C:\Users\trist\.gradle\caches\6.5\fileContent)" [_thread_blocked, id=17100, stack(0x0000000022d50000,0x0000000022e50000)]
  0x0000000019eb9800 JavaThread "jar transforms" [_thread_blocked, id=8936, stack(0x0000000022c50000,0x0000000022d50000)]
  0x0000000019eb8800 JavaThread "Cache worker for execution history cache (C:\Users\trist\.gradle\caches\6.5\executionHistory)" [_thread_blocked, id=13332, stack(0x0000000021540000,0x0000000021640000)]
  0x0000000019ebe000 JavaThread "Cache worker for cache directory md-rule (C:\Users\trist\.gradle\caches\6.5\md-rule)" [_thread_blocked, id=19928, stack(0x0000000021440000,0x0000000021540000)]
  0x0000000019ebf800 JavaThread "Cache worker for cache directory md-supplier (C:\Users\trist\.gradle\caches\6.5\md-supplier)" [_thread_blocked, id=4876, stack(0x0000000021340000,0x0000000021440000)]
  0x0000000019ebc800 JavaThread "Cache worker for checksums cache (C:\Users\trist\Desktop\Ynov\Dev Mobile\Mousvies_git\Mouvies\.gradle\checksums)" [_thread_blocked, id=5224, stack(0x0000000021240000,0x0000000021340000)]
  0x0000000019ebe800 JavaThread "Cache worker for file hash cache (C:\Users\trist\Desktop\Ynov\Dev Mobile\Mousvies_git\Mouvies\.gradle\6.5\fileHashes)" [_thread_blocked, id=17116, stack(0x0000000020f40000,0x0000000021040000)]
  0x0000000019ebd000 JavaThread "Cache worker for file hash cache (C:\Users\trist\.gradle\caches\6.5\fileHashes)" [_thread_blocked, id=2776, stack(0x000000001fa70000,0x000000001fb70000)]
  0x0000000019ebb800 JavaThread "File lock request listener" [_thread_in_native, id=8256, stack(0x000000001e9a0000,0x000000001eaa0000)]
  0x0000000019ebb000 JavaThread "Cache worker for journal cache (C:\Users\trist\.gradle\caches\journal-1)" [_thread_blocked, id=17572, stack(0x000000001e8a0000,0x000000001e9a0000)]
  0x000000001b70a000 JavaThread "Thread-9" [_thread_blocked, id=16956, stack(0x000000001e5a0000,0x000000001e6a0000)]
  0x0000000019bb9000 JavaThread "Stdin handler" [_thread_blocked, id=18636, stack(0x000000001e4a0000,0x000000001e5a0000)]
  0x0000000019bb8000 JavaThread "Asynchronous log dispatcher for DefaultDaemonConnection: socket connection from /127.0.0.1:55848 to /127.0.0.1:55857" [_thread_blocked, id=18732, stack(0x000000001e3a0000,0x000000001e4a0000)]
  0x000000001baee800 JavaThread "Daemon worker" [_thread_blocked, id=19520, stack(0x000000001e2a0000,0x000000001e3a0000)]
  0x000000001baed800 JavaThread "Cancel handler" [_thread_blocked, id=1296, stack(0x000000001e1a0000,0x000000001e2a0000)]
  0x0000000019e00800 JavaThread "Handler for socket connection from /127.0.0.1:55848 to /127.0.0.1:55857" [_thread_in_native, id=18892, stack(0x000000001e0a0000,0x000000001e1a0000)]
  0x000000001b74e800 JavaThread "Daemon" [_thread_blocked, id=19908, stack(0x000000001dfa0000,0x000000001e0a0000)]
  0x0000000019bd9000 JavaThread "Daemon periodic checks" [_thread_blocked, id=18536, stack(0x000000001dca0000,0x000000001dda0000)]
  0x0000000019bd8000 JavaThread "Incoming local TCP Connector on port 55848" [_thread_in_native, id=20300, stack(0x000000001da30000,0x000000001db30000)]
  0x000000001ab63800 JavaThread "Daemon health stats" [_thread_blocked, id=14964, stack(0x000000001d3f0000,0x000000001d4f0000)]
  0x0000000019bef000 JavaThread "Service Thread" daemon [_thread_blocked, id=19500, stack(0x000000001a850000,0x000000001a950000)]
  0x0000000019b6a000 JavaThread "C1 CompilerThread3" daemon [_thread_blocked, id=13724, stack(0x000000001a750000,0x000000001a850000)]
=>0x0000000019b62800 JavaThread "C2 CompilerThread2" daemon [_thread_in_native, id=20056, stack(0x000000001a650000,0x000000001a750000)]
  0x0000000019b55000 JavaThread "C2 CompilerThread1" daemon [_thread_in_native, id=4280, stack(0x000000001a550000,0x000000001a650000)]
  0x0000000019b51800 JavaThread "C2 CompilerThread0" daemon [_thread_in_native, id=10716, stack(0x000000001a450000,0x000000001a550000)]
  0x0000000019b50000 JavaThread "Attach Listener" daemon [_thread_blocked, id=19476, stack(0x000000001a350000,0x000000001a450000)]
  0x0000000019b4f000 JavaThread "Signal Dispatcher" daemon [_thread_blocked, id=5564, stack(0x000000001a250000,0x000000001a350000)]
  0x0000000019b40800 JavaThread "Finalizer" daemon [_thread_blocked, id=8240, stack(0x000000001a020000,0x000000001a120000)]
  0x0000000002ce7000 JavaThread "Reference Handler" daemon [_thread_blocked, id=13908, stack(0x0000000019f20000,0x000000001a020000)]
  0x00000000010de000 JavaThread "main" [_thread_blocked, id=17708, stack(0x00000000029f0000,0x0000000002af0000)]

Other Threads:
  0x0000000017d56000 VMThread [stack: 0x0000000019a20000,0x0000000019b20000] [id=16484]
  0x0000000019bf0000 WatcherThread [stack: 0x000000001a950000,0x000000001aa50000] [id=4420]

VM state:not at safepoint (normal execution)

VM Mutex/Monitor currently owned by a thread: None

heap address: 0x0000000080000000, size: 2048 MB, Compressed Oops mode: 32-bit
Narrow klass base: 0x0000000000000000, Narrow klass shift: 3
Compressed class space size: 1073741824 Address: 0x0000000100000000

Heap:
 PSYoungGen      total 173056K, used 25265K [0x00000000d5580000, 0x00000000e3380000, 0x0000000100000000)
  eden space 155136K, 6% used [0x00000000d5580000,0x00000000d5f33588,0x00000000ded00000)
  from space 17920K, 85% used [0x00000000ded00000,0x00000000dfbf8f68,0x00000000dfe80000)
  to   space 19968K, 0% used [0x00000000e2000000,0x00000000e2000000,0x00000000e3380000)
 ParOldGen       total 112640K, used 35244K [0x0000000080000000, 0x0000000086e00000, 0x00000000d5580000)
  object space 112640K, 31% used [0x0000000080000000,0x000000008226b220,0x0000000086e00000)
 Metaspace       used 65637K, capacity 68730K, committed 68824K, reserved 1107968K
  class space    used 9046K, capacity 9642K, committed 9728K, reserved 1048576K

Card table byte_map: [0x00000000120b0000,0x00000000124c0000] byte_map_base: 0x0000000011cb0000

Marking Bits: (ParMarkBitMap*) 0x000000005abbf030
 Begin Bits: [0x0000000012f70000, 0x0000000014f70000)
 End Bits:   [0x0000000014f70000, 0x0000000016f70000)

Polling page: 0x0000000001080000

CodeCache: size=245760Kb used=19472Kb max_used=19673Kb free=226287Kb
 bounds [0x0000000002cf0000, 0x0000000004040000, 0x0000000011cf0000]
 total_blobs=7056 nmethods=6267 adapters=700
 compilation: enabled

Compilation events (10 events):
Event: 38.384 Thread 0x0000000019b6a000 7219       3       org.gradle.internal.fingerprint.impl.DefaultFileCollectionSnapshotter$SnapshottingVisitor$$Lambda$271/1674610056::apply (17 bytes)
Event: 38.385 Thread 0x0000000019b6a000 nmethod 7219 0x00000000036feb50 code [0x00000000036fece0, 0x00000000036ff0c8]
Event: 38.386 Thread 0x0000000019b6a000 7220       3       org.gradle.launcher.daemon.server.exec.LogToClient$AsynchronousLogDispatcher$1::onOutput (44 bytes)
Event: 38.387 Thread 0x0000000019b6a000 nmethod 7220 0x00000000036fdb50 code [0x00000000036fdd40, 0x00000000036fe818]
Event: 38.387 Thread 0x0000000019b6a000 7221       3       org.gradle.launcher.daemon.server.exec.LogToClient$AsynchronousLogDispatcher$1::isMatchingBuildLogLevel (27 bytes)
Event: 38.387 Thread 0x0000000019b6a000 nmethod 7221 0x00000000033864d0 code [0x0000000003386660, 0x0000000003386aa8]
Event: 38.387 Thread 0x0000000019b6a000 7222       3       org.gradle.internal.logging.console.BuildLogLevelFilterRenderer::onOutput (53 bytes)
Event: 38.388 Thread 0x0000000019b6a000 nmethod 7222 0x0000000003385a10 code [0x0000000003385bc0, 0x0000000003386318]
Event: 38.389 Thread 0x0000000019b6a000 7223       3       org.gradle.internal.operations.OperationIdentifier::getId (5 bytes)
Event: 38.389 Thread 0x0000000019b6a000 nmethod 7223 0x0000000003da1a10 code [0x0000000003da1b60, 0x0000000003da1cb0]

GC Heap History (10 events):
Event: 27.928 GC heap before
{Heap before GC invocations=14 (full 2):
 PSYoungGen      total 105472K, used 93184K [0x00000000d5580000, 0x00000000dfd80000, 0x0000000100000000)
  eden space 93184K, 100% used [0x00000000d5580000,0x00000000db080000,0x00000000db080000)
  from space 12288K, 0% used [0x00000000db080000,0x00000000db080000,0x00000000dbc80000)
  to   space 12800K, 0% used [0x00000000df100000,0x00000000df100000,0x00000000dfd80000)
 ParOldGen       total 70144K, used 14307K [0x0000000080000000, 0x0000000084480000, 0x00000000d5580000)
  object space 70144K, 20% used [0x0000000080000000,0x0000000080df8ea0,0x0000000084480000)
 Metaspace       used 36850K, capacity 38438K, committed 38616K, reserved 1083392K
  class space    used 5064K, capacity 5352K, committed 5376K, reserved 1048576K
Event: 27.968 GC heap after
Heap after GC invocations=14 (full 2):
 PSYoungGen      total 128512K, used 6127K [0x00000000d5580000, 0x00000000df700000, 0x0000000100000000)
  eden space 122368K, 0% used [0x00000000d5580000,0x00000000d5580000,0x00000000dcd00000)
  from space 6144K, 99% used [0x00000000df100000,0x00000000df6fbf78,0x00000000df700000)
  to   space 12288K, 0% used [0x00000000ddf00000,0x00000000ddf00000,0x00000000deb00000)
 ParOldGen       total 70144K, used 14315K [0x0000000080000000, 0x0000000084480000, 0x00000000d5580000)
  object space 70144K, 20% used [0x0000000080000000,0x0000000080dfaea0,0x0000000084480000)
 Metaspace       used 36850K, capacity 38438K, committed 38616K, reserved 1083392K
  class space    used 5064K, capacity 5352K, committed 5376K, reserved 1048576K
}
Event: 31.478 GC heap before
{Heap before GC invocations=15 (full 2):
 PSYoungGen      total 128512K, used 128495K [0x00000000d5580000, 0x00000000df700000, 0x0000000100000000)
  eden space 122368K, 100% used [0x00000000d5580000,0x00000000dcd00000,0x00000000dcd00000)
  from space 6144K, 99% used [0x00000000df100000,0x00000000df6fbf78,0x00000000df700000)
  to   space 12288K, 0% used [0x00000000ddf00000,0x00000000ddf00000,0x00000000deb00000)
 ParOldGen       total 70144K, used 14315K [0x0000000080000000, 0x0000000084480000, 0x00000000d5580000)
  object space 70144K, 20% used [0x0000000080000000,0x0000000080dfaea0,0x0000000084480000)
 Metaspace       used 48390K, capacity 50422K, committed 50648K, reserved 1093632K
  class space    used 6501K, capacity 6871K, committed 6912K, reserved 1048576K
Event: 31.501 GC heap after
Heap after GC invocations=15 (full 2):
 PSYoungGen      total 153088K, used 12274K [0x00000000d5580000, 0x00000000e0f00000, 0x0000000100000000)
  eden space 140800K, 0% used [0x00000000d5580000,0x00000000d5580000,0x00000000ddf00000)
  from space 12288K, 99% used [0x00000000ddf00000,0x00000000deafcba0,0x00000000deb00000)
  to   space 16896K, 0% used [0x00000000dfe80000,0x00000000dfe80000,0x00000000e0f00000)
 ParOldGen       total 70144K, used 22595K [0x0000000080000000, 0x0000000084480000, 0x00000000d5580000)
  object space 70144K, 32% used [0x0000000080000000,0x0000000081610f10,0x0000000084480000)
 Metaspace       used 48390K, capacity 50422K, committed 50648K, reserved 1093632K
  class space    used 6501K, capacity 6871K, committed 6912K, reserved 1048576K
}
Event: 34.026 GC heap before
{Heap before GC invocations=16 (full 2):
 PSYoungGen      total 153088K, used 112702K [0x00000000d5580000, 0x00000000e0f00000, 0x0000000100000000)
  eden space 140800K, 71% used [0x00000000d5580000,0x00000000db793030,0x00000000ddf00000)
  from space 12288K, 99% used [0x00000000ddf00000,0x00000000deafcba0,0x00000000deb00000)
  to   space 16896K, 0% used [0x00000000dfe80000,0x00000000dfe80000,0x00000000e0f00000)
 ParOldGen       total 70144K, used 22595K [0x0000000080000000, 0x0000000084480000, 0x00000000d5580000)
  object space 70144K, 32% used [0x0000000080000000,0x0000000081610f10,0x0000000084480000)
 Metaspace       used 56689K, capacity 58940K, committed 59028K, reserved 1099776K
  class space    used 7674K, capacity 8133K, committed 8192K, reserved 1048576K
Event: 34.043 GC heap after
Heap after GC invocations=16 (full 2):
 PSYoungGen      total 172032K, used 12320K [0x00000000d5580000, 0x00000000e2380000, 0x0000000100000000)
  eden space 155136K, 0% used [0x00000000d5580000,0x00000000d5580000,0x00000000ded00000)
  from space 16896K, 72% used [0x00000000dfe80000,0x00000000e0a88200,0x00000000e0f00000)
  to   space 17920K, 0% used [0x00000000ded00000,0x00000000ded00000,0x00000000dfe80000)
 ParOldGen       total 70144K, used 29523K [0x0000000080000000, 0x0000000084480000, 0x00000000d5580000)
  object space 70144K, 42% used [0x0000000080000000,0x0000000081cd4d60,0x0000000084480000)
 Metaspace       used 56689K, capacity 58940K, committed 59028K, reserved 1099776K
  class space    used 7674K, capacity 8133K, committed 8192K, reserved 1048576K
}
Event: 34.043 GC heap before
{Heap before GC invocations=17 (full 3):
 PSYoungGen      total 172032K, used 12320K [0x00000000d5580000, 0x00000000e2380000, 0x0000000100000000)
  eden space 155136K, 0% used [0x00000000d5580000,0x00000000d5580000,0x00000000ded00000)
  from space 16896K, 72% used [0x00000000dfe80000,0x00000000e0a88200,0x00000000e0f00000)
  to   space 17920K, 0% used [0x00000000ded00000,0x00000000ded00000,0x00000000dfe80000)
 ParOldGen       total 70144K, used 29523K [0x0000000080000000, 0x0000000084480000, 0x00000000d5580000)
  object space 70144K, 42% used [0x0000000080000000,0x0000000081cd4d60,0x0000000084480000)
 Metaspace       used 56689K, capacity 58940K, committed 59028K, reserved 1099776K
  class space    used 7674K, capacity 8133K, committed 8192K, reserved 1048576K
Event: 34.361 GC heap after
Heap after GC invocations=17 (full 3):
 PSYoungGen      total 172032K, used 0K [0x00000000d5580000, 0x00000000e2380000, 0x0000000100000000)
  eden space 155136K, 0% used [0x00000000d5580000,0x00000000d5580000,0x00000000ded00000)
  from space 16896K, 0% used [0x00000000dfe80000,0x00000000dfe80000,0x00000000e0f00000)
  to   space 17920K, 0% used [0x00000000ded00000,0x00000000ded00000,0x00000000dfe80000)
 ParOldGen       total 112640K, used 35236K [0x0000000080000000, 0x0000000086e00000, 0x00000000d5580000)
  object space 112640K, 31% used [0x0000000080000000,0x0000000082269220,0x0000000086e00000)
 Metaspace       used 56650K, capacity 58808K, committed 59028K, reserved 1099776K
  class space    used 7662K, capacity 8111K, committed 8192K, reserved 1048576K
}
Event: 38.213 GC heap before
{Heap before GC invocations=18 (full 3):
 PSYoungGen      total 172032K, used 155136K [0x00000000d5580000, 0x00000000e2380000, 0x0000000100000000)
  eden space 155136K, 100% used [0x00000000d5580000,0x00000000ded00000,0x00000000ded00000)
  from space 16896K, 0% used [0x00000000dfe80000,0x00000000dfe80000,0x00000000e0f00000)
  to   space 17920K, 0% used [0x00000000ded00000,0x00000000ded00000,0x00000000dfe80000)
 ParOldGen       total 112640K, used 35236K [0x0000000080000000, 0x0000000086e00000, 0x00000000d5580000)
  object space 112640K, 31% used [0x0000000080000000,0x0000000082269220,0x0000000086e00000)
 Metaspace       used 65548K, capacity 68666K, committed 68824K, reserved 1107968K
  class space    used 9046K, capacity 9642K, committed 9728K, reserved 1048576K
Event: 38.229 GC heap after
Heap after GC invocations=18 (full 3):
 PSYoungGen      total 173056K, used 15331K [0x00000000d5580000, 0x00000000e3380000, 0x0000000100000000)
  eden space 155136K, 0% used [0x00000000d5580000,0x00000000d5580000,0x00000000ded00000)
  from space 17920K, 85% used [0x00000000ded00000,0x00000000dfbf8f68,0x00000000dfe80000)
  to   space 19968K, 0% used [0x00000000e2000000,0x00000000e2000000,0x00000000e3380000)
 ParOldGen       total 112640K, used 35244K [0x0000000080000000, 0x0000000086e00000, 0x00000000d5580000)
  object space 112640K, 31% used [0x0000000080000000,0x000000008226b220,0x0000000086e00000)
 Metaspace       used 65548K, capacity 68666K, committed 68824K, reserved 1107968K
  class space    used 9046K, capacity 9642K, committed 9728K, reserved 1048576K
}

Deoptimization events (10 events):
Event: 38.070 Thread 0x000000001eae5800 Uncommon trap: reason=unstable_if action=reinterpret pc=0x0000000003da3254 method=org.gradle.internal.time.MonotonicClock.advance(J)J @ 25
Event: 38.074 Thread 0x000000001eae2800 Uncommon trap: reason=null_check action=make_not_entrant pc=0x0000000002f573e4 method=java.lang.Class.isAnnotation()Z @ 1
Event: 38.125 Thread 0x000000001eae5800 Uncommon trap: reason=unstable_if action=reinterpret pc=0x0000000003b26c9c method=java.util.concurrent.ConcurrentHashMap.addCount(JI)V @ 34
Event: 38.128 Thread 0x000000001eae5800 Uncommon trap: reason=unstable_if action=reinterpret pc=0x0000000003f86878 method=java.util.concurrent.ConcurrentHashMap.addCount(JI)V @ 7
Event: 38.129 Thread 0x000000001eae8800 Uncommon trap: reason=unstable_if action=reinterpret pc=0x0000000002e62378 method=java.util.concurrent.ConcurrentHashMap.addCount(JI)V @ 7
Event: 38.135 Thread 0x000000001eae5800 Uncommon trap: reason=unstable_if action=reinterpret pc=0x0000000002fc657c method=java.lang.String$CaseInsensitiveComparator.compare(Ljava/lang/String;Ljava/lang/String;)I @ 70
Event: 38.139 Thread 0x000000001cdca000 Uncommon trap: reason=unstable_if action=reinterpret pc=0x00000000033bd518 method=java.util.HashMap$HashIterator.<init>(Ljava/util/HashMap;)V @ 45
Event: 38.139 Thread 0x000000001cdc7800 Uncommon trap: reason=unstable_if action=reinterpret pc=0x0000000003d19e4c method=java.util.HashMap$HashIterator.<init>(Ljava/util/HashMap;)V @ 45
Event: 38.287 Thread 0x0000000019eb8800 Uncommon trap: reason=unstable_if action=reinterpret pc=0x000000000319c63c method=com.esotericsoftware.kryo.io.Input.readVarInt(Z)I @ 42
Event: 38.291 Thread 0x0000000019eb8800 Uncommon trap: reason=unstable_if action=reinterpret pc=0x0000000002f4e328 method=com.esotericsoftware.kryo.io.Input.readVarInt(Z)I @ 42

Classes redefined (0 events):
No events

Internal exceptions (10 events):
Event: 37.933 Thread 0x000000001eae5800 Exception <a 'java/lang/NoSuchMethodError': java.lang.Object.lambda$flatMap$1(Ljava/util/function/Function;Lorg/gradle/internal/Try;)Lorg/gradle/api/internal/artifacts/transform/CacheableInvocation;> (0x00000000dd7ef548) thrown at [C:\src\AOSP-openjdk-git
Event: 37.934 Thread 0x000000001eae2800 Exception <a 'java/lang/NoSuchMethodError': java.lang.Object.lambda$flatMap$4(Ljava/util/function/Function;)Lorg/gradle/api/internal/artifacts/transform/CacheableInvocation;> (0x00000000dd8d5688) thrown at [C:\src\AOSP-openjdk-git\hotspot\src\share\vm\int
Event: 37.934 Thread 0x000000001eae4000 Exception <a 'java/lang/NoSuchMethodError': java.lang.Object.lambda$flatMap$4(Ljava/util/function/Function;)Lorg/gradle/api/internal/artifacts/transform/CacheableInvocation;> (0x00000000dd818e98) thrown at [C:\src\AOSP-openjdk-git\hotspot\src\share\vm\int
Event: 37.934 Thread 0x000000001eae2800 Exception <a 'java/lang/NoSuchMethodError': java.lang.Object.lambda$flatMap$3(Ljava/util/function/Function;)Lorg/gradle/internal/Try;> (0x00000000dd8da548) thrown at [C:\src\AOSP-openjdk-git\hotspot\src\share\vm\interpreter\linkResolver.cpp, line 620]
Event: 37.934 Thread 0x000000001eae2000 Exception <a 'java/lang/NoSuchMethodError': java.lang.Object.lambda$flatMap$3(Ljava/util/function/Function;)Lorg/gradle/internal/Try;> (0x00000000dd897a88) thrown at [C:\src\AOSP-openjdk-git\hotspot\src\share\vm\interpreter\linkResolver.cpp, line 620]
Event: 38.073 Thread 0x000000001eae5800 Exception <a 'java/lang/NoSuchMethodError': java.lang.Object.lambda$flatMap$2(Ljava/util/function/Function;Ljava/lang/Object;)Lorg/gradle/internal/Try;> (0x00000000ddfdc6b8) thrown at [C:\src\AOSP-openjdk-git\hotspot\src\share\vm\interpreter\linkResolver.
Event: 38.073 Thread 0x000000001eae4000 Exception <a 'java/lang/NoSuchMethodError': java.lang.Object.lambda$flatMap$2(Ljava/util/function/Function;Ljava/lang/Object;)Lorg/gradle/internal/Try;> (0x00000000ddcf2708) thrown at [C:\src\AOSP-openjdk-git\hotspot\src\share\vm\interpreter\linkResolver.
Event: 38.073 Thread 0x000000001cdc7000 Exception <a 'java/lang/NoSuchMethodError': java.lang.Object.lambda$flatMap$2(Ljava/util/function/Function;Ljava/lang/Object;)Lorg/gradle/internal/Try;> (0x00000000ddf41f10) thrown at [C:\src\AOSP-openjdk-git\hotspot\src\share\vm\interpreter\linkResolver.
Event: 38.073 Thread 0x000000001eae7000 Exception <a 'java/lang/NoSuchMethodError': java.lang.Object.lambda$flatMap$2(Ljava/util/function/Function;Ljava/lang/Object;)Lorg/gradle/internal/Try;> (0x00000000de0d1000) thrown at [C:\src\AOSP-openjdk-git\hotspot\src\share\vm\interpreter\linkResolver.
Event: 38.073 Thread 0x000000001eae8800 Exception <a 'java/lang/NoSuchMethodError': java.lang.Object.lambda$flatMap$2(Ljava/util/function/Function;Ljava/lang/Object;)Lorg/gradle/internal/Try;> (0x00000000ddf64bb8) thrown at [C:\src\AOSP-openjdk-git\hotspot\src\share\vm\interpreter\linkResolver.

Events (10 events):
Event: 38.313 Thread 0x0000000019b6a000 flushing nmethod 0x0000000003f06210
Event: 38.313 Thread 0x0000000019b6a000 flushing nmethod 0x0000000003f20e90
Event: 38.315 Executing VM operation: RevokeBias
Event: 38.315 Executing VM operation: RevokeBias done
Event: 38.354 Executing VM operation: RevokeBias
Event: 38.355 Executing VM operation: RevokeBias done
Event: 38.360 Executing VM operation: RevokeBias
Event: 38.360 Executing VM operation: RevokeBias done
Event: 38.376 Executing VM operation: RevokeBias
Event: 38.376 Executing VM operation: RevokeBias done


Dynamic libraries:
0x00007ff657600000 - 0x00007ff657631000 	C:\Program Files\Android\Android Studio\jre\bin\java.exe
0x00007ffbf6ca0000 - 0x00007ffbf6e90000 	C:\WINDOWS\SYSTEM32\ntdll.dll
0x00007ffbc2420000 - 0x00007ffbc2432000 	C:\Program Files\Avast Software\Avast\aswhook.dll
0x00007ffbf5fc0000 - 0x00007ffbf6072000 	C:\WINDOWS\System32\KERNEL32.DLL
0x00007ffbf48f0000 - 0x00007ffbf4b95000 	C:\WINDOWS\System32\KERNELBASE.dll
0x00007ffbf4dd0000 - 0x00007ffbf4e73000 	C:\WINDOWS\System32\ADVAPI32.dll
0x00007ffbf5780000 - 0x00007ffbf581e000 	C:\WINDOWS\System32\msvcrt.dll
0x00007ffbf56e0000 - 0x00007ffbf5777000 	C:\WINDOWS\System32\sechost.dll
0x00007ffbf6950000 - 0x00007ffbf6a70000 	C:\WINDOWS\System32\RPCRT4.dll
0x00007ffbf5820000 - 0x00007ffbf59b4000 	C:\WINDOWS\System32\USER32.dll
0x00007ffbf4140000 - 0x00007ffbf4161000 	C:\WINDOWS\System32\win32u.dll
0x00007ffbf4fe0000 - 0x00007ffbf5006000 	C:\WINDOWS\System32\GDI32.dll
0x00007ffbf3e30000 - 0x00007ffbf3fc6000 	C:\WINDOWS\System32\gdi32full.dll
0x00007ffbf3ff0000 - 0x00007ffbf408e000 	C:\WINDOWS\System32\msvcp_win.dll
0x00007ffbf3d30000 - 0x00007ffbf3e2a000 	C:\WINDOWS\System32\ucrtbase.dll
0x00007ffbd7550000 - 0x00007ffbd77d4000 	C:\WINDOWS\WinSxS\amd64_microsoft.windows.common-controls_6595b64144ccf1df_6.0.18362.1139_none_9e7bf2d3e4605ac6\COMCTL32.dll
0x00007ffbf5c80000 - 0x00007ffbf5fb5000 	C:\WINDOWS\System32\combase.dll
0x00007ffbf3cb0000 - 0x00007ffbf3d30000 	C:\WINDOWS\System32\bcryptPrimitives.dll
0x00007ffbf5a80000 - 0x00007ffbf5aae000 	C:\WINDOWS\System32\IMM32.DLL
0x00000000598e0000 - 0x00000000599b2000 	C:\Program Files\Android\Android Studio\jre\jre\bin\msvcr100.dll
0x000000005a3f0000 - 0x000000005ac3b000 	C:\Program Files\Android\Android Studio\jre\jre\bin\server\jvm.dll
0x00007ffbf56d0000 - 0x00007ffbf56d8000 	C:\WINDOWS\System32\PSAPI.DLL
0x00007ffbe4c70000 - 0x00007ffbe4c79000 	C:\WINDOWS\SYSTEM32\WSOCK32.dll
0x00007ffbf6b20000 - 0x00007ffbf6b8f000 	C:\WINDOWS\System32\WS2_32.dll
0x00007ffbe5380000 - 0x00007ffbe53a4000 	C:\WINDOWS\SYSTEM32\WINMM.dll
0x00007ffbea2f0000 - 0x00007ffbea2fa000 	C:\WINDOWS\SYSTEM32\VERSION.dll
0x00007ffbe5350000 - 0x00007ffbe537d000 	C:\WINDOWS\SYSTEM32\WINMMBASE.dll
0x00007ffbf3c30000 - 0x00007ffbf3c7a000 	C:\WINDOWS\System32\cfgmgr32.dll
0x00007ffbed270000 - 0x00007ffbed27f000 	C:\Program Files\Android\Android Studio\jre\jre\bin\verify.dll
0x00007ffbde3b0000 - 0x00007ffbde3d9000 	C:\Program Files\Android\Android Studio\jre\jre\bin\java.dll
0x00007ffbde500000 - 0x00007ffbde516000 	C:\Program Files\Android\Android Studio\jre\jre\bin\zip.dll
0x00007ffbf6260000 - 0x00007ffbf6947000 	C:\WINDOWS\System32\SHELL32.dll
0x00007ffbf6080000 - 0x00007ffbf6129000 	C:\WINDOWS\System32\shcore.dll
0x00007ffbf4170000 - 0x00007ffbf48f0000 	C:\WINDOWS\System32\windows.storage.dll
0x00007ffbf3be0000 - 0x00007ffbf3c03000 	C:\WINDOWS\System32\profapi.dll
0x00007ffbf3b90000 - 0x00007ffbf3bda000 	C:\WINDOWS\System32\powrprof.dll
0x00007ffbf3b60000 - 0x00007ffbf3b70000 	C:\WINDOWS\System32\UMPDC.dll
0x00007ffbf5a20000 - 0x00007ffbf5a72000 	C:\WINDOWS\System32\shlwapi.dll
0x00007ffbf3b70000 - 0x00007ffbf3b81000 	C:\WINDOWS\System32\kernel.appcore.dll
0x00007ffbf3fd0000 - 0x00007ffbf3fe7000 	C:\WINDOWS\System32\cryptsp.dll
0x00007ffbde380000 - 0x00007ffbde39a000 	C:\Program Files\Android\Android Studio\jre\jre\bin\net.dll
0x00007ffbf33b0000 - 0x00007ffbf3417000 	C:\WINDOWS\system32\mswsock.dll
0x00007ffbdd960000 - 0x00007ffbdd973000 	C:\Program Files\Android\Android Studio\jre\jre\bin\nio.dll
0x00007ffbd89e0000 - 0x00007ffbd8a07000 	C:\Users\trist\.gradle\native\f6784746aeab05261644944871eae4fe03e0ef1612fff0a4a95f87b438bc6780\windows-amd64\native-platform.dll
0x00007ffbe3200000 - 0x00007ffbe320d000 	C:\Program Files\Android\Android Studio\jre\jre\bin\management.dll
0x00007ffbf2f20000 - 0x00007ffbf2f53000 	C:\WINDOWS\system32\rsaenh.dll
0x00007ffbf3c80000 - 0x00007ffbf3ca6000 	C:\WINDOWS\System32\bcrypt.dll
0x00007ffbf3a80000 - 0x00007ffbf3aa5000 	C:\WINDOWS\SYSTEM32\USERENV.dll
0x00007ffbf3580000 - 0x00007ffbf358c000 	C:\WINDOWS\SYSTEM32\CRYPTBASE.dll
0x00007ffbf30c0000 - 0x00007ffbf30fa000 	C:\WINDOWS\SYSTEM32\IPHLPAPI.DLL
0x00007ffbf5010000 - 0x00007ffbf5018000 	C:\WINDOWS\System32\NSI.dll
0x00007ffbe9a60000 - 0x00007ffbe9a76000 	C:\WINDOWS\SYSTEM32\dhcpcsvc6.DLL
0x00007ffbe9a00000 - 0x00007ffbe9a1c000 	C:\WINDOWS\SYSTEM32\dhcpcsvc.DLL
0x00007ffbf3100000 - 0x00007ffbf31cb000 	C:\WINDOWS\SYSTEM32\DNSAPI.dll
0x00007ffbe9a80000 - 0x00007ffbe9a8b000 	C:\WINDOWS\SYSTEM32\WINNSI.DLL

VM Arguments:
jvm_args: -Xmx2048m -Dfile.encoding=UTF-8 -Duser.country=FR -Duser.language=fr -Duser.variant 
java_command: org.gradle.launcher.daemon.bootstrap.GradleDaemon 6.5
java_class_path (initial): C:\Users\trist\.gradle\wrapper\dists\gradle-6.5-bin\6nifqtx7604sqp1q6g8wikw7p\gradle-6.5\lib\gradle-launcher-6.5.jar
Launcher Type: SUN_STANDARD

Environment Variables:
PATH=C:\app\oracle\product\11.2.0\dbhome_1\bin;C:\Program Files (x86)\Intel\Intel(R) Management Engine Components\iCLS\;C:\Program Files\Intel\Intel(R) Management Engine Components\iCLS\;C:\Windows\system32;C:\Windows;C:\Windows\System32\Wbem;C:\Windows\System32\WindowsPowerShell\v1.0\;C:\Windows\System32\OpenSSH\;C:\Program Files (x86)\NVIDIA Corporation\PhysX\Common;C:\Program Files (x86)\Intel\Intel(R) Management Engine Components\DAL;C:\Program Files\Intel\Intel(R) Management Engine Components\DAL;C:\Program Files\Intel\WiFi\bin\;C:\Program Files\Common Files\Intel\WirelessCommon\;C:\Program Files\nodejs\;C:\WINDOWS\system32;C:\WINDOWS;C:\WINDOWS\System32\Wbem;C:\WINDOWS\System32\WindowsPowerShell\v1.0\;C:\WINDOWS\System32\OpenSSH\;C:\Program Files\NVIDIA Corporation\NVIDIA NvDLISR;C:\Program Files\Git\cmd;C:\Users\trist\AppData\Local\Microsoft\WindowsApps;C:\Users\trist\AppData\Local\atom\bin;C:\Users\trist\AppData\Roaming\npm;C:\Users\trist\AppData\Local\Microsoft\WindowsApps;;C:\Users\trist\AppData\Local\Programs\Microsoft VS Code\bin
USERNAME=trist
OS=Windows_NT
PROCESSOR_IDENTIFIER=Intel64 Family 6 Model 142 Stepping 11, GenuineIntel



---------------  S Y S T E M  ---------------

OS: Windows 10.0 , 64 bit Build 18362 (10.0.18362.1110)

CPU:total 8 (initial active 8) (4 cores per cpu, 2 threads per core) family 6 model 142 stepping 11, cmov, cx8, fxsr, mmx, sse, sse2, sse3, ssse3, sse4.1, sse4.2, popcnt, avx, avx2, aes, clmul, erms, 3dnowpref, lzcnt, ht, tsc, tscinvbit, bmi1, bmi2, adx

Memory: 4k page, physical 8236400k(237640k free), swap 21483424k(3516k free)

vm_info: OpenJDK 64-Bit Server VM (25.242-b01) for windows-amd64 JRE (1.8.0_242-release-1644-b01), built by "builder" with MS VC++ 10.0 (VS2010)

time: Mon Nov 16 15:03:27 2020
timezone: Paris, Madrid
elapsed time: 38 seconds (0d 0h 0m 38s)

