#
# There is insufficient memory for the Java Runtime Environment to continue.
# Native memory allocation (malloc) failed to allocate 1053056 bytes for Chunk::new
# Possible reasons:
#   The system is out of physical RAM or swap space
#   The process is running with CompressedOops enabled, and the Java Heap may be blocking the growth of the native heap
# Possible solutions:
#   Reduce memory load on the system
#   Increase physical memory or swap space
#   Check if swap backing store is full
#   Decrease Java heap size (-Xmx/-Xms)
#   Decrease number of Java threads
#   Decrease Java thread stack sizes (-Xss)
#   Set larger code cache with -XX:ReservedCodeCacheSize=
#   JVM is running with Unscaled Compressed Oops mode in which the Java heap is
#     placed in the first 4GB address space. The Java Heap base address is the
#     maximum limit for the native heap growth. Please use -XX:HeapBaseMinAddress
#     to set the Java Heap base and to place the Java Heap above 4GB virtual address.
# This output file may be truncated or incomplete.
#
#  Out of Memory Error (allocation.cpp:389), pid=1456, tid=0x00000000000032d0
#
# JRE version: OpenJDK Runtime Environment (8.0_242-b01) (build 1.8.0_242-release-1644-b01)
# Java VM: OpenJDK 64-Bit Server VM (25.242-b01 mixed mode windows-amd64 compressed oops)
# Failed to write core dump. Minidumps are not enabled by default on client versions of Windows
#

---------------  T H R E A D  ---------------

Current thread (0x00000000175dd000):  JavaThread "C2 CompilerThread1" daemon [_thread_in_native, id=13008, stack(0x0000000019dd0000,0x0000000019ed0000)]

Stack: [0x0000000019dd0000,0x0000000019ed0000]
[error occurred during error reporting (printing stack bounds), id 0xc0000005]

Native frames: (J=compiled Java code, j=interpreted, Vv=VM code, C=native code)


Current CompileTask:
C2: 467419 13484       4       org.gradle.api.internal.artifacts.ivyservice.resolveengine.artifact.ArtifactBackedResolvedVariant$SingleArtifactSet::startVisit (62 bytes)


---------------  P R O C E S S  ---------------

Java Threads: ( => current thread )
  0x000000001e77b000 JavaThread "stdout" [_thread_in_native, id=18240, stack(0x00000000313b0000,0x00000000314b0000)]
  0x000000001e781000 JavaThread "stderr" [_thread_in_native, id=3096, stack(0x00000000312b0000,0x00000000313b0000)]
  0x000000001e780000 JavaThread "stdout" [_thread_in_native, id=4756, stack(0x00000000311b0000,0x00000000312b0000)]
  0x000000001e773000 JavaThread "stderr" [_thread_in_native, id=8804, stack(0x00000000310b0000,0x00000000311b0000)]
  0x000000001e77a000 JavaThread "stdout" [_thread_in_native, id=1192, stack(0x0000000030fb0000,0x00000000310b0000)]
  0x000000001e778800 JavaThread "stderr" [_thread_in_native, id=3624, stack(0x0000000030eb0000,0x0000000030fb0000)]
  0x000000001e779800 JavaThread "stdout" [_thread_in_native, id=20272, stack(0x0000000030db0000,0x0000000030eb0000)]
  0x000000001e777800 JavaThread "stderr" [_thread_in_native, id=728, stack(0x00000000301f0000,0x00000000302f0000)]
  0x000000001e777000 JavaThread "stdout" [_thread_in_native, id=17840, stack(0x0000000030cb0000,0x0000000030db0000)]
  0x000000001e776000 JavaThread "stderr" [_thread_in_native, id=16704, stack(0x0000000030bb0000,0x0000000030cb0000)]
  0x000000001e775800 JavaThread "stdout" [_thread_in_native, id=18380, stack(0x0000000030ab0000,0x0000000030bb0000)]
  0x000000001e76e000 JavaThread "stderr" [_thread_in_native, id=10320, stack(0x00000000309b0000,0x0000000030ab0000)]
  0x000000001e770000 JavaThread "stdout" [_thread_in_native, id=268, stack(0x00000000308b0000,0x00000000309b0000)]
  0x000000001e774800 JavaThread "stderr" [_thread_in_native, id=11508, stack(0x0000000030530000,0x0000000030630000)]
  0x000000001e772800 JavaThread "stdout" [_thread_in_native, id=13216, stack(0x0000000030430000,0x0000000030530000)]
  0x000000001e771800 JavaThread "stderr" [_thread_in_native, id=5688, stack(0x0000000030330000,0x0000000030430000)]
  0x000000001e76e800 JavaThread "pool-5-thread-1" [_thread_blocked, id=17760, stack(0x000000002f8d0000,0x000000002f9d0000)]
  0x000000001e76f800 JavaThread "WorkerExecutor Queue Thread 8" [_thread_blocked, id=17424, stack(0x00000000300f0000,0x00000000301f0000)]
  0x000000001e76d000 JavaThread "WorkerExecutor Queue Thread 7" [_thread_blocked, id=12452, stack(0x000000002fff0000,0x00000000300f0000)]
  0x000000001e771000 JavaThread "WorkerExecutor Queue Thread 6" [_thread_blocked, id=18676, stack(0x000000002fef0000,0x000000002fff0000)]
  0x000000001e774000 JavaThread "WorkerExecutor Queue Thread 5" [_thread_blocked, id=5760, stack(0x000000002fdf0000,0x000000002fef0000)]
  0x000000001c815000 JavaThread "WorkerExecutor Queue Thread 4" [_thread_blocked, id=4060, stack(0x000000002fcf0000,0x000000002fdf0000)]
  0x000000001e935800 JavaThread "WorkerExecutor Queue Thread 3" [_thread_blocked, id=19872, stack(0x000000002fbf0000,0x000000002fcf0000)]
  0x000000001e933000 JavaThread "WorkerExecutor Queue Thread 2" [_thread_blocked, id=11664, stack(0x000000002faf0000,0x000000002fbf0000)]
  0x000000001e934000 JavaThread "WorkerExecutor Queue" [_thread_blocked, id=18104, stack(0x000000002f9f0000,0x000000002faf0000)]
  0x0000000020290800 JavaThread "Cache worker for execution history cache (C:\Users\trist\Desktop\Ynov\Dev Mobile\Mousvies_git\Mouvies\.gradle\6.5\executionHistory)" [_thread_blocked, id=18836, stack(0x000000002f5d0000,0x000000002f6d0000)]
  0x0000000020293000 JavaThread "Execution worker for ':' Thread 7" [_thread_blocked, id=7864, stack(0x000000002f4d0000,0x000000002f5d0000)]
  0x000000002028f000 JavaThread "Execution worker for ':' Thread 6" [_thread_blocked, id=19036, stack(0x000000002f3d0000,0x000000002f4d0000)]
  0x0000000020292000 JavaThread "Execution worker for ':' Thread 5" [_thread_blocked, id=10276, stack(0x000000002ead0000,0x000000002ebd0000)]
  0x000000002028e800 JavaThread "Execution worker for ':' Thread 4" [_thread_blocked, id=4316, stack(0x000000002e9d0000,0x000000002ead0000)]
  0x000000002028d000 JavaThread "Execution worker for ':' Thread 3" [_thread_blocked, id=7536, stack(0x000000002e8d0000,0x000000002e9d0000)]
  0x0000000020285800 JavaThread "Execution worker for ':' Thread 2" [_thread_in_native, id=11236, stack(0x000000002e7d0000,0x000000002e8d0000)]
  0x000000002028b800 JavaThread "Execution worker for ':'" [_thread_blocked, id=13724, stack(0x000000002e6d0000,0x000000002e7d0000)]
  0x0000000020289000 JavaThread "Cache worker for file content cache (C:\Users\trist\Desktop\Ynov\Dev Mobile\Mousvies_git\Mouvies\.gradle\6.5\fileContent)" [_thread_blocked, id=20284, stack(0x000000002e5d0000,0x000000002e6d0000)]
  0x000000002028a000 JavaThread "Cache worker for Build Output Cleanup Cache (C:\Users\trist\Desktop\Ynov\Dev Mobile\Mousvies_git\Mouvies\.gradle\buildOutputCleanup)" [_thread_blocked, id=5056, stack(0x000000002cff0000,0x000000002d0f0000)]
  0x0000000020287800 JavaThread "Build operations Thread 8" [_thread_blocked, id=12200, stack(0x00000000246f0000,0x00000000247f0000)]
  0x0000000020287000 JavaThread "Build operations Thread 7" [_thread_blocked, id=12504, stack(0x00000000244f0000,0x00000000245f0000)]
  0x0000000020288800 JavaThread "Build operations Thread 6" [_thread_blocked, id=2676, stack(0x00000000243f0000,0x00000000244f0000)]
  0x0000000020986000 JavaThread "Build operations Thread 5" [_thread_blocked, id=580, stack(0x00000000242f0000,0x00000000243f0000)]
  0x0000000020985000 JavaThread "Build operations Thread 4" [_thread_blocked, id=11720, stack(0x00000000241f0000,0x00000000242f0000)]
  0x0000000020982000 JavaThread "Build operations Thread 3" [_thread_blocked, id=19784, stack(0x00000000240f0000,0x00000000241f0000)]
  0x0000000020983800 JavaThread "Build operations Thread 2" [_thread_blocked, id=18748, stack(0x0000000023ff0000,0x00000000240f0000)]
  0x0000000020983000 JavaThread "Build operations" [_thread_blocked, id=10380, stack(0x0000000022a60000,0x0000000022b60000)]
  0x0000000020988000 JavaThread "Cache worker for cache directory md-rule (C:\Users\trist\.gradle\caches\6.5\md-rule)" [_thread_blocked, id=20300, stack(0x0000000022720000,0x0000000022820000)]
  0x000000002097a800 JavaThread "Cache worker for cache directory md-supplier (C:\Users\trist\.gradle\caches\6.5\md-supplier)" [_thread_blocked, id=12036, stack(0x0000000022120000,0x0000000022220000)]
  0x0000000020981800 JavaThread "Cache worker for checksums cache (C:\Users\trist\Desktop\Ynov\Dev Mobile\Mousvies_git\Mouvies\.gradle\checksums)" [_thread_blocked, id=14424, stack(0x000000001fd80000,0x000000001fe80000)]
  0x000000002097a000 JavaThread "Cache worker for file hash cache (C:\Users\trist\Desktop\Ynov\Dev Mobile\Mousvies_git\Mouvies\.gradle\6.5\fileHashes)" [_thread_blocked, id=18636, stack(0x000000001fc80000,0x000000001fd80000)]
  0x0000000020980000 JavaThread "Thread-304" [_thread_blocked, id=17708, stack(0x000000001fb80000,0x000000001fc80000)]
  0x000000002097d000 JavaThread "Stdin handler" [_thread_blocked, id=14140, stack(0x000000001f880000,0x000000001f980000)]
  0x000000002097d800 JavaThread "Asynchronous log dispatcher for DefaultDaemonConnection: socket connection from /127.0.0.1:56107 to /127.0.0.1:56350" [_thread_blocked, id=8256, stack(0x000000001de20000,0x000000001df20000)]
  0x0000000020980800 JavaThread "Cancel handler" [_thread_blocked, id=5484, stack(0x000000001dc20000,0x000000001dd20000)]
  0x000000002097f000 JavaThread "Handler for socket connection from /127.0.0.1:56107 to /127.0.0.1:56350" [_thread_in_native, id=18156, stack(0x000000001db20000,0x000000001dc20000)]
  0x0000000020979000 JavaThread "jar transforms Thread 226" [_thread_blocked, id=16132, stack(0x000000002cef0000,0x000000002cff0000)]
  0x000000001f11c800 JavaThread "jar transforms Thread 225" [_thread_blocked, id=2972, stack(0x000000002bbf0000,0x000000002bcf0000)]
  0x000000001f11c000 JavaThread "jar transforms Thread 224" [_thread_blocked, id=2716, stack(0x000000002b6f0000,0x000000002b7f0000)]
  0x000000001f122800 JavaThread "jar transforms Thread 223" [_thread_blocked, id=13084, stack(0x000000002b5f0000,0x000000002b6f0000)]
  0x000000001f122000 JavaThread "jar transforms Thread 222" [_thread_blocked, id=18964, stack(0x000000002b4f0000,0x000000002b5f0000)]
  0x000000001f121000 JavaThread "jar transforms Thread 221" [_thread_blocked, id=19756, stack(0x000000002b3f0000,0x000000002b4f0000)]
  0x000000001f120800 JavaThread "jar transforms Thread 220" [_thread_blocked, id=476, stack(0x000000002b2f0000,0x000000002b3f0000)]
  0x000000001f11f800 JavaThread "jar transforms Thread 219" [_thread_blocked, id=9288, stack(0x000000002b1f0000,0x000000002b2f0000)]
  0x000000001f11f000 JavaThread "jar transforms Thread 218" [_thread_blocked, id=3160, stack(0x000000002b0f0000,0x000000002b1f0000)]
  0x000000001f11e000 JavaThread "jar transforms Thread 217" [_thread_blocked, id=3980, stack(0x000000002aff0000,0x000000002b0f0000)]
  0x000000001f116800 JavaThread "jar transforms Thread 216" [_thread_blocked, id=15992, stack(0x000000002aef0000,0x000000002aff0000)]
  0x000000001f11b000 JavaThread "jar transforms Thread 215" [_thread_blocked, id=13296, stack(0x000000002adf0000,0x000000002aef0000)]
  0x000000001f11d800 JavaThread "jar transforms Thread 214" [_thread_blocked, id=19196, stack(0x000000002acf0000,0x000000002adf0000)]
  0x000000001f11a800 JavaThread "jar transforms Thread 213" [_thread_blocked, id=14472, stack(0x000000002abf0000,0x000000002acf0000)]
  0x000000001f119000 JavaThread "jar transforms Thread 212" [_thread_blocked, id=7496, stack(0x000000002aaf0000,0x000000002abf0000)]
  0x000000001f118000 JavaThread "jar transforms Thread 211" [_thread_blocked, id=1288, stack(0x000000002a9f0000,0x000000002aaf0000)]
  0x000000001f117800 JavaThread "jar transforms Thread 210" [_thread_blocked, id=5260, stack(0x000000002a8f0000,0x000000002a9f0000)]
  0x000000001f116000 JavaThread "jar transforms Thread 209" [_thread_blocked, id=18984, stack(0x000000002a7f0000,0x000000002a8f0000)]
  0x000000001f119800 JavaThread "jar transforms Thread 208" [_thread_blocked, id=20332, stack(0x000000002a6f0000,0x000000002a7f0000)]
  0x000000001f115000 JavaThread "jar transforms Thread 207" [_thread_blocked, id=19840, stack(0x000000002a5f0000,0x000000002a6f0000)]
  0x000000001f113800 JavaThread "jar transforms Thread 206" [_thread_blocked, id=9812, stack(0x000000002a4f0000,0x000000002a5f0000)]
  0x000000001f114800 JavaThread "jar transforms Thread 205" [_thread_blocked, id=17192, stack(0x000000002a3f0000,0x000000002a4f0000)]
  0x000000001b2da000 JavaThread "jar transforms Thread 204" [_thread_blocked, id=4248, stack(0x000000002a2f0000,0x000000002a3f0000)]
  0x000000001b2d9000 JavaThread "jar transforms Thread 203" [_thread_blocked, id=12044, stack(0x000000002a1f0000,0x000000002a2f0000)]
  0x000000001b2de800 JavaThread "jar transforms Thread 202" [_thread_blocked, id=10308, stack(0x000000002a0f0000,0x000000002a1f0000)]
  0x000000001b2dd800 JavaThread "jar transforms Thread 201" [_thread_blocked, id=17616, stack(0x0000000029ff0000,0x000000002a0f0000)]
  0x000000001b2db800 JavaThread "jar transforms Thread 200" [_thread_blocked, id=3100, stack(0x0000000029ef0000,0x0000000029ff0000)]
  0x000000001b2da800 JavaThread "jar transforms Thread 199" [_thread_blocked, id=13556, stack(0x0000000029cf0000,0x0000000029df0000)]
  0x000000001b2dd000 JavaThread "jar transforms Thread 198" [_thread_blocked, id=12064, stack(0x0000000029bf0000,0x0000000029cf0000)]
  0x000000001b2dc000 JavaThread "jar transforms Thread 197" [_thread_blocked, id=20356, stack(0x0000000029af0000,0x0000000029bf0000)]
  0x000000001b2df000 JavaThread "jar transforms Thread 196" [_thread_blocked, id=11444, stack(0x00000000299f0000,0x0000000029af0000)]
  0x000000001b2d1800 JavaThread "jar transforms Thread 195" [_thread_blocked, id=6100, stack(0x00000000298f0000,0x00000000299f0000)]
  0x000000001b2d5800 JavaThread "jar transforms Thread 194" [_thread_blocked, id=19700, stack(0x00000000297f0000,0x00000000298f0000)]
  0x000000001b2d3000 JavaThread "jar transforms Thread 193" [_thread_blocked, id=20224, stack(0x00000000296f0000,0x00000000297f0000)]
  0x000000001b2d2800 JavaThread "jar transforms Thread 192" [_thread_blocked, id=128, stack(0x00000000295f0000,0x00000000296f0000)]
  0x000000001b2d8800 JavaThread "jar transforms Thread 191" [_thread_blocked, id=19952, stack(0x00000000294f0000,0x00000000295f0000)]
  0x000000001b2d7800 JavaThread "jar transforms Thread 190" [_thread_blocked, id=2280, stack(0x00000000293f0000,0x00000000294f0000)]
  0x000000001b2d1000 JavaThread "jar transforms Thread 189" [_thread_blocked, id=12868, stack(0x00000000292f0000,0x00000000293f0000)]
  0x000000001b2d7000 JavaThread "jar transforms Thread 188" [_thread_blocked, id=7256, stack(0x00000000291f0000,0x00000000292f0000)]
  0x000000001b2d4800 JavaThread "jar transforms Thread 187" [_thread_blocked, id=18652, stack(0x00000000290f0000,0x00000000291f0000)]
  0x000000001b2d4000 JavaThread "jar transforms Thread 186" [_thread_blocked, id=1584, stack(0x0000000028ff0000,0x00000000290f0000)]
  0x000000001b2d6000 JavaThread "jar transforms Thread 185" [_thread_blocked, id=10716, stack(0x0000000028ef0000,0x0000000028ff0000)]
  0x000000001b2d0000 JavaThread "jar transforms Thread 184" [_thread_blocked, id=4484, stack(0x0000000028df0000,0x0000000028ef0000)]
  0x0000000020bdf000 JavaThread "jar transforms Thread 183" [_thread_blocked, id=17500, stack(0x0000000028cf0000,0x0000000028df0000)]
  0x0000000020bde800 JavaThread "jar transforms Thread 182" [_thread_blocked, id=15808, stack(0x0000000028bf0000,0x0000000028cf0000)]
  0x0000000020bdd800 JavaThread "jar transforms Thread 181" [_thread_blocked, id=13888, stack(0x0000000028af0000,0x0000000028bf0000)]
  0x0000000020bdc800 JavaThread "jar transforms Thread 180" [_thread_blocked, id=17656, stack(0x00000000289f0000,0x0000000028af0000)]
  0x0000000020bd5000 JavaThread "jar transforms Thread 179" [_thread_blocked, id=18960, stack(0x00000000288f0000,0x00000000289f0000)]
  0x0000000020bd9800 JavaThread "jar transforms Thread 178" [_thread_blocked, id=14276, stack(0x00000000287f0000,0x00000000288f0000)]
  0x0000000020bd6000 JavaThread "jar transforms Thread 177" [_thread_blocked, id=392, stack(0x00000000286f0000,0x00000000287f0000)]
  0x0000000020bdb000 JavaThread "jar transforms Thread 176" [_thread_blocked, id=19724, stack(0x00000000285f0000,0x00000000286f0000)]
  0x0000000020bda800 JavaThread "jar transforms Thread 175" [_thread_blocked, id=18236, stack(0x00000000284f0000,0x00000000285f0000)]
  0x0000000020bdc000 JavaThread "jar transforms Thread 174" [_thread_blocked, id=9412, stack(0x00000000283f0000,0x00000000284f0000)]
  0x0000000020bd9000 JavaThread "jar transforms Thread 173" [_thread_blocked, id=8776, stack(0x00000000282f0000,0x00000000283f0000)]
  0x0000000020bd8000 JavaThread "jar transforms Thread 172" [_thread_blocked, id=19944, stack(0x00000000281f0000,0x00000000282f0000)]
  0x0000000020bd1800 JavaThread "jar transforms Thread 171" [_thread_blocked, id=2276, stack(0x00000000280f0000,0x00000000281f0000)]
  0x0000000020bd0800 JavaThread "jar transforms Thread 170" [_thread_blocked, id=8180, stack(0x0000000027ff0000,0x00000000280f0000)]
  0x0000000020bd6800 JavaThread "jar transforms Thread 169" [_thread_blocked, id=10044, stack(0x0000000027ef0000,0x0000000027ff0000)]
  0x0000000020bd3000 JavaThread "jar transforms Thread 168" [_thread_blocked, id=14956, stack(0x0000000027df0000,0x0000000027ef0000)]
  0x0000000020bd7800 JavaThread "jar transforms Thread 167" [_thread_blocked, id=8388, stack(0x0000000027cf0000,0x0000000027df0000)]
  0x0000000020bd0000 JavaThread "jar transforms Thread 166" [_thread_blocked, id=13208, stack(0x0000000027bf0000,0x0000000027cf0000)]
  0x0000000020bd4800 JavaThread "jar transforms Thread 165" [_thread_blocked, id=19516, stack(0x0000000027af0000,0x0000000027bf0000)]
  0x0000000020bd2000 JavaThread "jar transforms Thread 164" [_thread_blocked, id=13444, stack(0x00000000279f0000,0x0000000027af0000)]
  0x0000000020bd3800 JavaThread "jar transforms Thread 163" [_thread_blocked, id=18500, stack(0x00000000278f0000,0x00000000279f0000)]
  0x000000001b3d5800 JavaThread "jar transforms Thread 162" [_thread_blocked, id=19572, stack(0x00000000277f0000,0x00000000278f0000)]
  0x000000001b3d4800 JavaThread "jar transforms Thread 161" [_thread_blocked, id=20252, stack(0x00000000276f0000,0x00000000277f0000)]
  0x000000001b3d4000 JavaThread "jar transforms Thread 160" [_thread_blocked, id=17664, stack(0x00000000275f0000,0x00000000276f0000)]
  0x000000001b3d3000 JavaThread "jar transforms Thread 159" [_thread_blocked, id=12508, stack(0x00000000274f0000,0x00000000275f0000)]
  0x000000001b3d2800 JavaThread "jar transforms Thread 158" [_thread_blocked, id=8636, stack(0x00000000273f0000,0x00000000274f0000)]
  0x000000001b3cb000 JavaThread "jar transforms Thread 157" [_thread_blocked, id=5792, stack(0x00000000272f0000,0x00000000273f0000)]
  0x000000001b3d1800 JavaThread "jar transforms Thread 156" [_thread_blocked, id=13248, stack(0x00000000271f0000,0x00000000272f0000)]
  0x000000001b3d1000 JavaThread "jar transforms Thread 155" [_thread_blocked, id=20192, stack(0x00000000270f0000,0x00000000271f0000)]
  0x000000001b3c9800 JavaThread "jar transforms Thread 154" [_thread_blocked, id=5200, stack(0x0000000026ff0000,0x00000000270f0000)]
  0x000000001b3d0000 JavaThread "jar transforms Thread 153" [_thread_blocked, id=16952, stack(0x0000000026ef0000,0x0000000026ff0000)]
  0x000000001b3cf800 JavaThread "jar transforms Thread 152" [_thread_blocked, id=20360, stack(0x0000000026df0000,0x0000000026ef0000)]
  0x000000001b3ce800 JavaThread "jar transforms Thread 151" [_thread_blocked, id=13728, stack(0x0000000026cf0000,0x0000000026df0000)]
  0x000000001b3ce000 JavaThread "jar transforms Thread 150" [_thread_blocked, id=10868, stack(0x0000000026bf0000,0x0000000026cf0000)]
  0x000000001b3c6800 JavaThread "jar transforms Thread 149" [_thread_blocked, id=19364, stack(0x0000000026af0000,0x0000000026bf0000)]
  0x000000001b3ca000 JavaThread "jar transforms Thread 148" [_thread_blocked, id=19320, stack(0x00000000269f0000,0x0000000026af0000)]
  0x000000001b3c8000 JavaThread "jar transforms Thread 147" [_thread_blocked, id=20288, stack(0x00000000268f0000,0x00000000269f0000)]
  0x000000001b3c7000 JavaThread "jar transforms Thread 146" [_thread_blocked, id=3192, stack(0x00000000267f0000,0x00000000268f0000)]
  0x000000001b3cd000 JavaThread "jar transforms Thread 145" [_thread_blocked, id=12740, stack(0x00000000266f0000,0x00000000267f0000)]
  0x000000001b3c8800 JavaThread "jar transforms Thread 144" [_thread_blocked, id=17400, stack(0x00000000265f0000,0x00000000266f0000)]
  0x000000001b3cc800 JavaThread "jar transforms Thread 143" [_thread_blocked, id=1880, stack(0x00000000264f0000,0x00000000265f0000)]
  0x000000001b3cb800 JavaThread "jar transforms Thread 142" [_thread_blocked, id=19940, stack(0x00000000263f0000,0x00000000264f0000)]
  0x00000000196f3000 JavaThread "jar transforms Thread 141" [_thread_blocked, id=3380, stack(0x00000000262f0000,0x00000000263f0000)]
  0x00000000196ee800 JavaThread "jar transforms Thread 140" [_thread_blocked, id=3724, stack(0x00000000261f0000,0x00000000262f0000)]
  0x00000000196f2800 JavaThread "jar transforms Thread 139" [_thread_blocked, id=18668, stack(0x00000000260f0000,0x00000000261f0000)]
  0x00000000196f4000 JavaThread "jar transforms Thread 138" [_thread_blocked, id=10360, stack(0x0000000025ff0000,0x00000000260f0000)]
  0x00000000196f0000 JavaThread "jar transforms Thread 137" [_thread_blocked, id=3900, stack(0x0000000025ef0000,0x0000000025ff0000)]
  0x000000001c81d000 JavaThread "jar transforms Thread 136" [_thread_blocked, id=18080, stack(0x0000000025df0000,0x0000000025ef0000)]
  0x000000001c81c800 JavaThread "jar transforms Thread 135" [_thread_blocked, id=1436, stack(0x0000000025cf0000,0x0000000025df0000)]
  0x000000001c81b800 JavaThread "jar transforms Thread 134" [_thread_blocked, id=19028, stack(0x0000000025bf0000,0x0000000025cf0000)]
  0x000000001c81e800 JavaThread "jar transforms Thread 133" [_thread_blocked, id=9704, stack(0x0000000025af0000,0x0000000025bf0000)]
  0x000000001c81e000 JavaThread "jar transforms Thread 132" [_thread_blocked, id=4148, stack(0x00000000259f0000,0x0000000025af0000)]
  0x000000001c814000 JavaThread "jar transforms Thread 131" [_thread_blocked, id=4032, stack(0x00000000258f0000,0x00000000259f0000)]
  0x000000001c81b000 JavaThread "jar transforms Thread 130" [_thread_blocked, id=18760, stack(0x00000000257f0000,0x00000000258f0000)]
  0x000000001c81a000 JavaThread "jar transforms Thread 129" [_thread_blocked, id=1280, stack(0x00000000256f0000,0x00000000257f0000)]
  0x000000001c812800 JavaThread "jar transforms Thread 128" [_thread_blocked, id=5532, stack(0x00000000255f0000,0x00000000256f0000)]
  0x000000001c819800 JavaThread "jar transforms Thread 127" [_thread_blocked, id=19640, stack(0x00000000254f0000,0x00000000255f0000)]
  0x000000001c812000 JavaThread "jar transforms Thread 126" [_thread_blocked, id=19796, stack(0x00000000253f0000,0x00000000254f0000)]
  0x000000001c811000 JavaThread "jar transforms Thread 125" [_thread_blocked, id=8240, stack(0x00000000252f0000,0x00000000253f0000)]
  0x000000001c810800 JavaThread "jar transforms Thread 124" [_thread_blocked, id=2616, stack(0x00000000251f0000,0x00000000252f0000)]
  0x000000001e93a800 JavaThread "jar transforms Thread 123" [_thread_blocked, id=15404, stack(0x00000000250f0000,0x00000000251f0000)]
  0x000000001e93a000 JavaThread "jar transforms Thread 122" [_thread_blocked, id=19704, stack(0x0000000024ff0000,0x00000000250f0000)]
  0x000000001e940800 JavaThread "jar transforms Thread 121" [_thread_blocked, id=19204, stack(0x0000000024ef0000,0x0000000024ff0000)]
  0x000000001e940000 JavaThread "jar transforms Thread 120" [_thread_blocked, id=5648, stack(0x0000000024df0000,0x0000000024ef0000)]
  0x000000001e93e800 JavaThread "jar transforms Thread 119" [_thread_blocked, id=2924, stack(0x0000000024cf0000,0x0000000024df0000)]
  0x000000001e93d800 JavaThread "jar transforms Thread 118" [_thread_blocked, id=19216, stack(0x0000000024bf0000,0x0000000024cf0000)]
  0x000000001e93d000 JavaThread "jar transforms Thread 117" [_thread_blocked, id=4056, stack(0x0000000024af0000,0x0000000024bf0000)]
  0x000000001e93c000 JavaThread "jar transforms Thread 116" [_thread_blocked, id=19476, stack(0x00000000249f0000,0x0000000024af0000)]
  0x000000001e93b800 JavaThread "jar transforms Thread 115" [_thread_blocked, id=17668, stack(0x00000000248f0000,0x00000000249f0000)]
  0x000000001e93f000 JavaThread "jar transforms Thread 114" [_thread_blocked, id=6340, stack(0x00000000247f0000,0x00000000248f0000)]
  0x0000000020286000 JavaThread "Daemon worker Thread 2" [_thread_blocked, id=18124, stack(0x000000001dd20000,0x000000001de20000)]
  0x000000002028c000 JavaThread "Daemon Thread 2" [_thread_blocked, id=2088, stack(0x000000001d820000,0x000000001d920000)]
  0x0000000020291800 JavaThread "Memory manager" [_thread_blocked, id=10264, stack(0x000000002d100000,0x000000002d200000)]
  0x00000000196ed000 JavaThread "Cache worker for file content cache (C:\Users\trist\.gradle\caches\6.5\fileContent)" [_thread_blocked, id=12728, stack(0x0000000022220000,0x0000000022320000)]
  0x00000000196f1800 JavaThread "Cache worker for execution history cache (C:\Users\trist\.gradle\caches\6.5\executionHistory)" [_thread_blocked, id=18228, stack(0x000000001fe80000,0x000000001ff80000)]
  0x00000000196f0800 JavaThread "Cache worker for file hash cache (C:\Users\trist\.gradle\caches\6.5\fileHashes)" [_thread_blocked, id=20440, stack(0x000000001f780000,0x000000001f880000)]
  0x00000000196ef000 JavaThread "File lock request listener" [_thread_in_native, id=18160, stack(0x000000001e220000,0x000000001e320000)]
  0x000000001b3de800 JavaThread "Cache worker for journal cache (C:\Users\trist\.gradle\caches\journal-1)" [_thread_blocked, id=9384, stack(0x000000001e120000,0x000000001e220000)]
  0x00000000195f5800 JavaThread "Daemon periodic checks" [_thread_blocked, id=4468, stack(0x000000001d520000,0x000000001d620000)]
  0x000000001bce2000 JavaThread "Incoming local TCP Connector on port 56107" [_thread_in_native, id=12788, stack(0x000000001d2b0000,0x000000001d3b0000)]
  0x000000001bbf0800 JavaThread "Daemon health stats" [_thread_blocked, id=8808, stack(0x000000001cc70000,0x000000001cd70000)]
  0x000000001946d000 JavaThread "Service Thread" daemon [_thread_blocked, id=5796, stack(0x000000001a0d0000,0x000000001a1d0000)]
  0x00000000193fc000 JavaThread "C1 CompilerThread3" daemon [_thread_blocked, id=18800, stack(0x0000000019fd0000,0x000000001a0d0000)]
  0x00000000193d7000 JavaThread "C2 CompilerThread2" daemon [_thread_blocked, id=6136, stack(0x0000000019ed0000,0x0000000019fd0000)]
=>0x00000000175dd000 JavaThread "C2 CompilerThread1" daemon [_thread_in_native, id=13008, stack(0x0000000019dd0000,0x0000000019ed0000)]
  0x00000000175da000 JavaThread "C2 CompilerThread0" daemon [_thread_in_native, id=6716, stack(0x0000000019cd0000,0x0000000019dd0000)]
  0x00000000193d3000 JavaThread "Attach Listener" daemon [_thread_blocked, id=19076, stack(0x0000000019bd0000,0x0000000019cd0000)]
  0x00000000193d0000 JavaThread "Signal Dispatcher" daemon [_thread_blocked, id=19000, stack(0x0000000019ad0000,0x0000000019bd0000)]
  0x00000000193c0800 JavaThread "Finalizer" daemon [_thread_blocked, id=17980, stack(0x00000000198a0000,0x00000000199a0000)]
  0x00000000175cb800 JavaThread "Reference Handler" daemon [_thread_blocked, id=7580, stack(0x00000000197a0000,0x00000000198a0000)]
  0x0000000000b8e000 JavaThread "main" [_thread_blocked, id=4072, stack(0x0000000002350000,0x0000000002450000)]

Other Threads:
  0x00000000175c6000 VMThread [stack: 0x00000000192a0000,0x00000000193a0000] [id=18412]
  0x0000000019443000 WatcherThread [stack: 0x000000001a1d0000,0x000000001a2d0000] [id=5292]

VM state:not at safepoint (normal execution)

VM Mutex/Monitor currently owned by a thread: None

heap address: 0x0000000080000000, size: 2048 MB, Compressed Oops mode: 32-bit
Narrow klass base: 0x0000000000000000, Narrow klass shift: 3
Compressed class space size: 1073741824 Address: 0x0000000100000000

Heap:
 PSYoungGen      total 229376K, used 220518K [0x00000000d5580000, 0x00000000e5580000, 0x0000000100000000)
  eden space 202752K, 97% used [0x00000000d5580000,0x00000000e15a8260,0x00000000e1b80000)
  from space 26624K, 89% used [0x00000000e3880000,0x00000000e4fb1748,0x00000000e5280000)
  to   space 29696K, 0% used [0x00000000e1b80000,0x00000000e1b80000,0x00000000e3880000)
 ParOldGen       total 113152K, used 44509K [0x0000000080000000, 0x0000000086e80000, 0x00000000d5580000)
  object space 113152K, 39% used [0x0000000080000000,0x0000000082b77748,0x0000000086e80000)
 Metaspace       used 79289K, capacity 82992K, committed 83288K, reserved 1122304K
  class space    used 10394K, capacity 11055K, committed 11136K, reserved 1048576K

Card table byte_map: [0x0000000011920000,0x0000000011d30000] byte_map_base: 0x0000000011520000

Marking Bits: (ParMarkBitMap*) 0x000000005abbf030
 Begin Bits: [0x00000000127e0000, 0x00000000147e0000)
 End Bits:   [0x00000000147e0000, 0x00000000167e0000)

Polling page: 0x00000000009a0000

CodeCache: size=245760Kb used=37740Kb max_used=37741Kb free=208019Kb
 bounds [0x0000000002560000, 0x0000000004a70000, 0x0000000011560000]
 total_blobs=12202 nmethods=11382 adapters=732
 compilation: enabled

Compilation events (10 events):
Event: 467.286 Thread 0x00000000193fc000 13494       3       java.io.ObjectOutputStream$BlockDataOutputStream::flush (12 bytes)
Event: 467.286 Thread 0x00000000193fc000 nmethod 13494 0x0000000004a5b790 code [0x0000000004a5b900, 0x0000000004a5bb78]
Event: 467.289 Thread 0x00000000193fc000 13495       3       com.google.common.collect.FluentIterable$3::iterator (17 bytes)
Event: 467.290 Thread 0x00000000193fc000 nmethod 13495 0x0000000004a5a8d0 code [0x0000000004a5aaa0, 0x0000000004a5b268]
Event: 467.290 Thread 0x00000000193fc000 13496       3       com.google.common.collect.FluentIterable$3$1::<init> (11 bytes)
Event: 467.291 Thread 0x00000000193fc000 nmethod 13496 0x0000000004a5f090 code [0x0000000004a5f220, 0x0000000004a5f648]
Event: 467.291 Thread 0x00000000193fc000 13497       3       org.gradle.api.internal.AbstractTask::getIdentityPath (8 bytes)
Event: 467.291 Thread 0x00000000193fc000 nmethod 13497 0x0000000004a5ed50 code [0x0000000004a5eea0, 0x0000000004a5eff0]
Event: 467.362 Thread 0x00000000193fc000 13498       3       java.util.concurrent.ArrayBlockingQueue::dequeue (75 bytes)
Event: 467.363 Thread 0x00000000193fc000 nmethod 13498 0x0000000004a5e190 code [0x0000000004a5e360, 0x0000000004a5ea58]

GC Heap History (10 events):
Event: 26.877 GC heap before
{Heap before GC invocations=17 (full 3):
 PSYoungGen      total 175616K, used 12625K [0x00000000d5580000, 0x00000000e2800000, 0x0000000100000000)
  eden space 158720K, 0% used [0x00000000d5580000,0x00000000d5580000,0x00000000df080000)
  from space 16896K, 74% used [0x00000000e0200000,0x00000000e0e54750,0x00000000e1280000)
  to   space 17920K, 0% used [0x00000000df080000,0x00000000df080000,0x00000000e0200000)
 ParOldGen       total 69632K, used 28993K [0x0000000080000000, 0x0000000084400000, 0x00000000d5580000)
  object space 69632K, 41% used [0x0000000080000000,0x0000000081c50570,0x0000000084400000)
 Metaspace       used 56611K, capacity 58956K, committed 59028K, reserved 1099776K
  class space    used 7667K, capacity 8137K, committed 8192K, reserved 1048576K
Event: 27.204 GC heap after
Heap after GC invocations=17 (full 3):
 PSYoungGen      total 175616K, used 0K [0x00000000d5580000, 0x00000000e2800000, 0x0000000100000000)
  eden space 158720K, 0% used [0x00000000d5580000,0x00000000d5580000,0x00000000df080000)
  from space 16896K, 0% used [0x00000000e0200000,0x00000000e0200000,0x00000000e1280000)
  to   space 17920K, 0% used [0x00000000df080000,0x00000000df080000,0x00000000e0200000)
 ParOldGen       total 113152K, used 35397K [0x0000000080000000, 0x0000000086e80000, 0x00000000d5580000)
  object space 113152K, 31% used [0x0000000080000000,0x00000000822914a8,0x0000000086e80000)
 Metaspace       used 56565K, capacity 58800K, committed 59028K, reserved 1099776K
  class space    used 7652K, capacity 8111K, committed 8192K, reserved 1048576K
}
Event: 31.115 GC heap before
{Heap before GC invocations=18 (full 3):
 PSYoungGen      total 175616K, used 158720K [0x00000000d5580000, 0x00000000e2800000, 0x0000000100000000)
  eden space 158720K, 100% used [0x00000000d5580000,0x00000000df080000,0x00000000df080000)
  from space 16896K, 0% used [0x00000000e0200000,0x00000000e0200000,0x00000000e1280000)
  to   space 17920K, 0% used [0x00000000df080000,0x00000000df080000,0x00000000e0200000)
 ParOldGen       total 113152K, used 35397K [0x0000000080000000, 0x0000000086e80000, 0x00000000d5580000)
  object space 113152K, 31% used [0x0000000080000000,0x00000000822914a8,0x0000000086e80000)
 Metaspace       used 65493K, capacity 68534K, committed 68824K, reserved 1107968K
  class space    used 9017K, capacity 9620K, committed 9728K, reserved 1048576K
Event: 31.149 GC heap after
Heap after GC invocations=18 (full 3):
 PSYoungGen      total 176640K, used 15513K [0x00000000d5580000, 0x00000000e3600000, 0x0000000100000000)
  eden space 158720K, 0% used [0x00000000d5580000,0x00000000d5580000,0x00000000df080000)
  from space 17920K, 86% used [0x00000000df080000,0x00000000dffa65a8,0x00000000e0200000)
  to   space 19968K, 0% used [0x00000000e2280000,0x00000000e2280000,0x00000000e3600000)
 ParOldGen       total 113152K, used 35405K [0x0000000080000000, 0x0000000086e80000, 0x00000000d5580000)
  object space 113152K, 31% used [0x0000000080000000,0x00000000822934a8,0x0000000086e80000)
 Metaspace       used 65493K, capacity 68534K, committed 68824K, reserved 1107968K
  class space    used 9017K, capacity 9620K, committed 9728K, reserved 1048576K
}
Event: 33.501 GC heap before
{Heap before GC invocations=19 (full 3):
 PSYoungGen      total 176640K, used 174233K [0x00000000d5580000, 0x00000000e3600000, 0x0000000100000000)
  eden space 158720K, 100% used [0x00000000d5580000,0x00000000df080000,0x00000000df080000)
  from space 17920K, 86% used [0x00000000df080000,0x00000000dffa65a8,0x00000000e0200000)
  to   space 19968K, 0% used [0x00000000e2280000,0x00000000e2280000,0x00000000e3600000)
 ParOldGen       total 113152K, used 35405K [0x0000000080000000, 0x0000000086e80000, 0x00000000d5580000)
  object space 113152K, 31% used [0x0000000080000000,0x00000000822934a8,0x0000000086e80000)
 Metaspace       used 69703K, capacity 72732K, committed 72920K, reserved 1112064K
  class space    used 9528K, capacity 10125K, committed 10240K, reserved 1048576K
Event: 33.529 GC heap after
Heap after GC invocations=19 (full 3):
 PSYoungGen      total 206848K, used 19965K [0x00000000d5580000, 0x00000000e3980000, 0x0000000100000000)
  eden space 186880K, 0% used [0x00000000d5580000,0x00000000d5580000,0x00000000e0c00000)
  from space 19968K, 99% used [0x00000000e2280000,0x00000000e35ff7f8,0x00000000e3600000)
  to   space 23040K, 0% used [0x00000000e0c00000,0x00000000e0c00000,0x00000000e2280000)
 ParOldGen       total 113152K, used 36336K [0x0000000080000000, 0x0000000086e80000, 0x00000000d5580000)
  object space 113152K, 32% used [0x0000000080000000,0x000000008237c1d8,0x0000000086e80000)
 Metaspace       used 69703K, capacity 72732K, committed 72920K, reserved 1112064K
  class space    used 9528K, capacity 10125K, committed 10240K, reserved 1048576K
}
Event: 430.276 GC heap before
{Heap before GC invocations=20 (full 3):
 PSYoungGen      total 206848K, used 206845K [0x00000000d5580000, 0x00000000e3980000, 0x0000000100000000)
  eden space 186880K, 100% used [0x00000000d5580000,0x00000000e0c00000,0x00000000e0c00000)
  from space 19968K, 99% used [0x00000000e2280000,0x00000000e35ff7f8,0x00000000e3600000)
  to   space 23040K, 0% used [0x00000000e0c00000,0x00000000e0c00000,0x00000000e2280000)
 ParOldGen       total 113152K, used 36336K [0x0000000080000000, 0x0000000086e80000, 0x00000000d5580000)
  object space 113152K, 32% used [0x0000000080000000,0x000000008237c1d8,0x0000000086e80000)
 Metaspace       used 74927K, capacity 78168K, committed 78424K, reserved 1118208K
  class space    used 9925K, capacity 10515K, committed 10624K, reserved 1048576K
Event: 430.878 GC heap after
Heap after GC invocations=20 (full 3):
 PSYoungGen      total 209920K, used 22147K [0x00000000d5580000, 0x00000000e5280000, 0x0000000100000000)
  eden space 186880K, 0% used [0x00000000d5580000,0x00000000d5580000,0x00000000e0c00000)
  from space 23040K, 96% used [0x00000000e0c00000,0x00000000e21a0c40,0x00000000e2280000)
  to   space 26624K, 0% used [0x00000000e3880000,0x00000000e3880000,0x00000000e5280000)
 ParOldGen       total 113152K, used 44501K [0x0000000080000000, 0x0000000086e80000, 0x00000000d5580000)
  object space 113152K, 39% used [0x0000000080000000,0x0000000082b75748,0x0000000086e80000)
 Metaspace       used 74927K, capacity 78168K, committed 78424K, reserved 1118208K
  class space    used 9925K, capacity 10515K, committed 10624K, reserved 1048576K
}
Event: 460.055 GC heap before
{Heap before GC invocations=21 (full 3):
 PSYoungGen      total 209920K, used 209027K [0x00000000d5580000, 0x00000000e5280000, 0x0000000100000000)
  eden space 186880K, 100% used [0x00000000d5580000,0x00000000e0c00000,0x00000000e0c00000)
  from space 23040K, 96% used [0x00000000e0c00000,0x00000000e21a0c40,0x00000000e2280000)
  to   space 26624K, 0% used [0x00000000e3880000,0x00000000e3880000,0x00000000e5280000)
 ParOldGen       total 113152K, used 44501K [0x0000000080000000, 0x0000000086e80000, 0x00000000d5580000)
  object space 113152K, 39% used [0x0000000080000000,0x0000000082b75748,0x0000000086e80000)
 Metaspace       used 78761K, capacity 82352K, committed 82392K, reserved 1120256K
  class space    used 10376K, capacity 10997K, committed 11008K, reserved 1048576K
Event: 460.127 GC heap after
Heap after GC invocations=21 (full 3):
 PSYoungGen      total 229376K, used 23749K [0x00000000d5580000, 0x00000000e5580000, 0x0000000100000000)
  eden space 202752K, 0% used [0x00000000d5580000,0x00000000d5580000,0x00000000e1b80000)
  from space 26624K, 89% used [0x00000000e3880000,0x00000000e4fb1748,0x00000000e5280000)
  to   space 29696K, 0% used [0x00000000e1b80000,0x00000000e1b80000,0x00000000e3880000)
 ParOldGen       total 113152K, used 44509K [0x0000000080000000, 0x0000000086e80000, 0x00000000d5580000)
  object space 113152K, 39% used [0x0000000080000000,0x0000000082b77748,0x0000000086e80000)
 Metaspace       used 78761K, capacity 82352K, committed 82392K, reserved 1120256K
  class space    used 10376K, capacity 10997K, committed 11008K, reserved 1048576K
}

Deoptimization events (10 events):
Event: 463.153 Thread 0x0000000020285800 Uncommon trap: reason=unstable_if action=reinterpret pc=0x000000000444ee34 method=com.android.utils.XmlUtils.append(Lcom/android/utils/XmlUtils$PositionAwareStringBuilder;Lorg/w3c/dom/Node;Ljava/util/Map;Ljava/util/Set;)V @ 540
Event: 463.986 Thread 0x0000000020285800 Uncommon trap: reason=unstable_if action=reinterpret pc=0x000000000438ab9c method=java.io.BufferedWriter.min(II)I @ 2
Event: 464.224 Thread 0x0000000020285800 Uncommon trap: reason=class_check action=maybe_recompile pc=0x0000000004430e18 method=com.android.ide.common.resources.NodeUtils.duplicateNode(Lorg/w3c/dom/Document;Lorg/w3c/dom/Node;)Lorg/w3c/dom/Node; @ 1
Event: 464.224 Thread 0x0000000020285800 Uncommon trap: reason=class_check action=maybe_recompile pc=0x0000000004430e18 method=com.android.ide.common.resources.NodeUtils.duplicateNode(Lorg/w3c/dom/Document;Lorg/w3c/dom/Node;)Lorg/w3c/dom/Node; @ 1
Event: 464.224 Thread 0x0000000020285800 Uncommon trap: reason=class_check action=maybe_recompile pc=0x0000000004430e18 method=com.android.ide.common.resources.NodeUtils.duplicateNode(Lorg/w3c/dom/Document;Lorg/w3c/dom/Node;)Lorg/w3c/dom/Node; @ 1
Event: 464.224 Thread 0x0000000020285800 Uncommon trap: reason=class_check action=maybe_recompile pc=0x0000000004430e18 method=com.android.ide.common.resources.NodeUtils.duplicateNode(Lorg/w3c/dom/Document;Lorg/w3c/dom/Node;)Lorg/w3c/dom/Node; @ 1
Event: 464.224 Thread 0x0000000020285800 Uncommon trap: reason=unstable_if action=reinterpret pc=0x0000000004793ecc method=com.sun.org.apache.xerces.internal.dom.ParentNode.checkNormalizationAfterInsert(Lcom/sun/org/apache/xerces/internal/dom/ChildNode;)V @ 27
Event: 464.224 Thread 0x0000000020285800 Uncommon trap: reason=unstable_if action=reinterpret pc=0x00000000047501ec method=com.sun.org.apache.xerces.internal.dom.ParentNode.checkNormalizationAfterInsert(Lcom/sun/org/apache/xerces/internal/dom/ChildNode;)V @ 27
Event: 466.077 Thread 0x000000002028e800 Uncommon trap: reason=unstable_if action=reinterpret pc=0x0000000003104468 method=org.gradle.internal.snapshot.PathUtil.equalChars(CCLorg/gradle/internal/snapshot/CaseSensitivity;)Z @ 40
Event: 466.077 Thread 0x000000002028e800 Uncommon trap: reason=unstable_if action=reinterpret pc=0x000000000417acc0 method=org.gradle.internal.snapshot.PathUtil.equalChars(CCLorg/gradle/internal/snapshot/CaseSensitivity;)Z @ 40

Classes redefined (0 events):
No events

Internal exceptions (10 events):
Event: 438.511 Thread 0x000000002028c000 Exception <a 'java/lang/NoSuchMethodError': <clinit>> (0x00000000dd0c4d38) thrown at [C:\src\AOSP-openjdk-git\hotspot\src\share\vm\prims\jni.cpp, line 1615]
Event: 438.512 Thread 0x000000002028c000 Exception <a 'java/lang/NoSuchMethodError': <clinit>> (0x00000000dd0d4ed0) thrown at [C:\src\AOSP-openjdk-git\hotspot\src\share\vm\prims\jni.cpp, line 1615]
Event: 438.513 Thread 0x000000002028c000 Exception <a 'java/lang/NoSuchMethodError': <clinit>> (0x00000000dd0e0280) thrown at [C:\src\AOSP-openjdk-git\hotspot\src\share\vm\prims\jni.cpp, line 1615]
Event: 438.518 Thread 0x000000002028c000 Exception <a 'java/lang/NoSuchMethodError': <clinit>> (0x00000000dd0f3048) thrown at [C:\src\AOSP-openjdk-git\hotspot\src\share\vm\prims\jni.cpp, line 1615]
Event: 438.521 Thread 0x000000002028c000 Exception <a 'java/lang/NoSuchMethodError': <clinit>> (0x00000000dd10c980) thrown at [C:\src\AOSP-openjdk-git\hotspot\src\share\vm\prims\jni.cpp, line 1615]
Event: 438.523 Thread 0x000000002028c000 Exception <a 'java/lang/NoSuchMethodError': <clinit>> (0x00000000dd11d688) thrown at [C:\src\AOSP-openjdk-git\hotspot\src\share\vm\prims\jni.cpp, line 1615]
Event: 459.116 Thread 0x0000000020286000 Exception <a 'sun/nio/fs/WindowsException'> (0x00000000df216e28) thrown at [C:\src\AOSP-openjdk-git\hotspot\src\share\vm\prims\jni.cpp, line 710]
Event: 460.164 Thread 0x0000000020986000 Implicit null exception at 0x0000000003de615f to 0x0000000003de6439
Event: 460.936 Thread 0x0000000020285800 Implicit null exception at 0x00000000044ce697 to 0x00000000044cec45
Event: 463.114 Thread 0x0000000020285800 Implicit null exception at 0x00000000033a1172 to 0x00000000033a1955

Events (10 events):
Event: 464.945 Thread 0x000000001e781000 Thread added: 0x000000001e781000
Event: 464.945 Thread 0x000000001e77b000 Thread added: 0x000000001e77b000
Event: 465.981 Executing VM operation: RevokeBias
Event: 465.982 Executing VM operation: RevokeBias done
Event: 466.077 Thread 0x000000002028e800 Uncommon trap: trap_request=0xffffff65 fr.pc=0x0000000003104468
Event: 466.077 Thread 0x000000002028e800 DEOPT PACKING pc=0x0000000003104468 sp=0x000000002eacca50
Event: 466.077 Thread 0x000000002028e800 DEOPT UNPACKING pc=0x00000000025a557b sp=0x000000002eacc978 mode 2
Event: 466.077 Thread 0x000000002028e800 Uncommon trap: trap_request=0xffffff65 fr.pc=0x000000000417acc0
Event: 466.077 Thread 0x000000002028e800 DEOPT PACKING pc=0x000000000417acc0 sp=0x000000002eacc9c0
Event: 466.077 Thread 0x000000002028e800 DEOPT UNPACKING pc=0x00000000025a557b sp=0x000000002eacc970 mode 2


Dynamic libraries:
0x00007ff725d00000 - 0x00007ff725d31000 	C:\Program Files\Android\Android Studio\jre\bin\java.exe
0x00007ffbf6ca0000 - 0x00007ffbf6e90000 	C:\WINDOWS\SYSTEM32\ntdll.dll
0x00007ffbc2420000 - 0x00007ffbc2432000 	C:\Program Files\Avast Software\Avast\aswhook.dll
0x00007ffbf5fc0000 - 0x00007ffbf6072000 	C:\WINDOWS\System32\KERNEL32.DLL
0x00007ffbf48f0000 - 0x00007ffbf4b95000 	C:\WINDOWS\System32\KERNELBASE.dll
0x00007ffbf4dd0000 - 0x00007ffbf4e73000 	C:\WINDOWS\System32\ADVAPI32.dll
0x00007ffbf5780000 - 0x00007ffbf581e000 	C:\WINDOWS\System32\msvcrt.dll
0x00007ffbf56e0000 - 0x00007ffbf5777000 	C:\WINDOWS\System32\sechost.dll
0x00007ffbf6950000 - 0x00007ffbf6a70000 	C:\WINDOWS\System32\RPCRT4.dll
0x00007ffbf5820000 - 0x00007ffbf59b4000 	C:\WINDOWS\System32\USER32.dll
0x00007ffbf4140000 - 0x00007ffbf4161000 	C:\WINDOWS\System32\win32u.dll
0x00007ffbf4fe0000 - 0x00007ffbf5006000 	C:\WINDOWS\System32\GDI32.dll
0x00007ffbf3e30000 - 0x00007ffbf3fc6000 	C:\WINDOWS\System32\gdi32full.dll
0x00007ffbf3ff0000 - 0x00007ffbf408e000 	C:\WINDOWS\System32\msvcp_win.dll
0x00007ffbf3d30000 - 0x00007ffbf3e2a000 	C:\WINDOWS\System32\ucrtbase.dll
0x00007ffbd7550000 - 0x00007ffbd77d4000 	C:\WINDOWS\WinSxS\amd64_microsoft.windows.common-controls_6595b64144ccf1df_6.0.18362.1139_none_9e7bf2d3e4605ac6\COMCTL32.dll
0x00007ffbf5c80000 - 0x00007ffbf5fb5000 	C:\WINDOWS\System32\combase.dll
0x00007ffbf3cb0000 - 0x00007ffbf3d30000 	C:\WINDOWS\System32\bcryptPrimitives.dll
0x00007ffbf5a80000 - 0x00007ffbf5aae000 	C:\WINDOWS\System32\IMM32.DLL
0x00000000598e0000 - 0x00000000599b2000 	C:\Program Files\Android\Android Studio\jre\jre\bin\msvcr100.dll
0x000000005a3f0000 - 0x000000005ac3b000 	C:\Program Files\Android\Android Studio\jre\jre\bin\server\jvm.dll
0x00007ffbf56d0000 - 0x00007ffbf56d8000 	C:\WINDOWS\System32\PSAPI.DLL
0x00007ffbe4c70000 - 0x00007ffbe4c79000 	C:\WINDOWS\SYSTEM32\WSOCK32.dll
0x00007ffbf6b20000 - 0x00007ffbf6b8f000 	C:\WINDOWS\System32\WS2_32.dll
0x00007ffbe5380000 - 0x00007ffbe53a4000 	C:\WINDOWS\SYSTEM32\WINMM.dll
0x00007ffbea2f0000 - 0x00007ffbea2fa000 	C:\WINDOWS\SYSTEM32\VERSION.dll
0x00007ffbe5350000 - 0x00007ffbe537d000 	C:\WINDOWS\SYSTEM32\WINMMBASE.dll
0x00007ffbf3c30000 - 0x00007ffbf3c7a000 	C:\WINDOWS\System32\cfgmgr32.dll
0x00007ffbed270000 - 0x00007ffbed27f000 	C:\Program Files\Android\Android Studio\jre\jre\bin\verify.dll
0x00007ffbde3b0000 - 0x00007ffbde3d9000 	C:\Program Files\Android\Android Studio\jre\jre\bin\java.dll
0x00007ffbde500000 - 0x00007ffbde516000 	C:\Program Files\Android\Android Studio\jre\jre\bin\zip.dll
0x00007ffbf6260000 - 0x00007ffbf6947000 	C:\WINDOWS\System32\SHELL32.dll
0x00007ffbf6080000 - 0x00007ffbf6129000 	C:\WINDOWS\System32\shcore.dll
0x00007ffbf4170000 - 0x00007ffbf48f0000 	C:\WINDOWS\System32\windows.storage.dll
0x00007ffbf3be0000 - 0x00007ffbf3c03000 	C:\WINDOWS\System32\profapi.dll
0x00007ffbf3b90000 - 0x00007ffbf3bda000 	C:\WINDOWS\System32\powrprof.dll
0x00007ffbf3b60000 - 0x00007ffbf3b70000 	C:\WINDOWS\System32\UMPDC.dll
0x00007ffbf5a20000 - 0x00007ffbf5a72000 	C:\WINDOWS\System32\shlwapi.dll
0x00007ffbf3b70000 - 0x00007ffbf3b81000 	C:\WINDOWS\System32\kernel.appcore.dll
0x00007ffbf3fd0000 - 0x00007ffbf3fe7000 	C:\WINDOWS\System32\cryptsp.dll
0x00007ffbde380000 - 0x00007ffbde39a000 	C:\Program Files\Android\Android Studio\jre\jre\bin\net.dll
0x00007ffbf33b0000 - 0x00007ffbf3417000 	C:\WINDOWS\system32\mswsock.dll
0x00007ffbdd960000 - 0x00007ffbdd973000 	C:\Program Files\Android\Android Studio\jre\jre\bin\nio.dll
0x00007ffbd89e0000 - 0x00007ffbd8a07000 	C:\Users\trist\.gradle\native\f6784746aeab05261644944871eae4fe03e0ef1612fff0a4a95f87b438bc6780\windows-amd64\native-platform.dll
0x00007ffbe3200000 - 0x00007ffbe320d000 	C:\Program Files\Android\Android Studio\jre\jre\bin\management.dll
0x00007ffbf2f20000 - 0x00007ffbf2f53000 	C:\WINDOWS\system32\rsaenh.dll
0x00007ffbf3c80000 - 0x00007ffbf3ca6000 	C:\WINDOWS\System32\bcrypt.dll
0x00007ffbf3a80000 - 0x00007ffbf3aa5000 	C:\WINDOWS\SYSTEM32\USERENV.dll
0x00007ffbf3580000 - 0x00007ffbf358c000 	C:\WINDOWS\SYSTEM32\CRYPTBASE.dll
0x00007ffbf30c0000 - 0x00007ffbf30fa000 	C:\WINDOWS\SYSTEM32\IPHLPAPI.DLL
0x00007ffbf5010000 - 0x00007ffbf5018000 	C:\WINDOWS\System32\NSI.dll
0x00007ffbe9a60000 - 0x00007ffbe9a76000 	C:\WINDOWS\SYSTEM32\dhcpcsvc6.DLL
0x00007ffbe9a00000 - 0x00007ffbe9a1c000 	C:\WINDOWS\SYSTEM32\dhcpcsvc.DLL
0x00007ffbf3100000 - 0x00007ffbf31cb000 	C:\WINDOWS\SYSTEM32\DNSAPI.dll
0x00007ffbe9a80000 - 0x00007ffbe9a8b000 	C:\WINDOWS\SYSTEM32\WINNSI.DLL

VM Arguments:
jvm_args: -Xmx2048m -Dfile.encoding=UTF-8 -Duser.country=FR -Duser.language=fr -Duser.variant 
java_command: org.gradle.launcher.daemon.bootstrap.GradleDaemon 6.5
java_class_path (initial): C:\Users\trist\.gradle\wrapper\dists\gradle-6.5-bin\6nifqtx7604sqp1q6g8wikw7p\gradle-6.5\lib\gradle-launcher-6.5.jar
Launcher Type: SUN_STANDARD

Environment Variables:
PATH=C:\app\oracle\product\11.2.0\dbhome_1\bin;C:\Program Files (x86)\Intel\Intel(R) Management Engine Components\iCLS\;C:\Program Files\Intel\Intel(R) Management Engine Components\iCLS\;C:\Windows\system32;C:\Windows;C:\Windows\System32\Wbem;C:\Windows\System32\WindowsPowerShell\v1.0\;C:\Windows\System32\OpenSSH\;C:\Program Files (x86)\NVIDIA Corporation\PhysX\Common;C:\Program Files (x86)\Intel\Intel(R) Management Engine Components\DAL;C:\Program Files\Intel\Intel(R) Management Engine Components\DAL;C:\Program Files\Intel\WiFi\bin\;C:\Program Files\Common Files\Intel\WirelessCommon\;C:\Program Files\nodejs\;C:\WINDOWS\system32;C:\WINDOWS;C:\WINDOWS\System32\Wbem;C:\WINDOWS\System32\WindowsPowerShell\v1.0\;C:\WINDOWS\System32\OpenSSH\;C:\Program Files\NVIDIA Corporation\NVIDIA NvDLISR;C:\Program Files\Git\cmd;C:\Users\trist\AppData\Local\Microsoft\WindowsApps;C:\Users\trist\AppData\Local\atom\bin;C:\Users\trist\AppData\Roaming\npm;C:\Users\trist\AppData\Local\Microsoft\WindowsApps;;C:\Users\trist\AppData\Local\Programs\Microsoft VS Code\bin
USERNAME=trist
OS=Windows_NT
PROCESSOR_IDENTIFIER=Intel64 Family 6 Model 142 Stepping 11, GenuineIntel



---------------  S Y S T E M  ---------------

OS: Windows 10.0 , 64 bit Build 18362 (10.0.18362.1110)

CPU:total 8 (initial active 8) (4 cores per cpu, 2 threads per core) family 6 model 142 stepping 11, cmov, cx8, fxsr, mmx, sse, sse2, sse3, ssse3, sse4.1, sse4.2, popcnt, avx, avx2, aes, clmul, erms, 3dnowpref, lzcnt, ht, tsc, tscinvbit, bmi1, bmi2, adx

Memory: 4k page, physical 8236400k(403532k free), swap 22132816k(6192k free)

vm_info: OpenJDK 64-Bit Server VM (25.242-b01) for windows-amd64 JRE (1.8.0_242-release-1644-b01), built by "builder" with MS VC++ 10.0 (VS2010)

time: Mon Nov 16 15:14:45 2020
timezone: Paris, Madrid
elapsed time: 467 seconds (0d 0h 7m 47s)

